2022-05-03 17:20:54,357:INFO:NEW RUN:
2022-05-03 17:20:54,357:INFO:Args: Namespace(experiment='soft_samples', jobs=-2)
2022-05-03 17:20:54,357:INFO:Experimental settings:
2022-05-03 17:20:54,357:INFO:[{'n_variables': [6], 'n_total_environments': [5], 'sparsity': [1, 2, 3, 4, 5, 6], 'intervention_targets': [None], 'sample_size': [50, 100, 200, 300, 500], 'dag_density': [0.3], 'reps': [20], 'data_simulator': ['cdnod'], 'dag_simulator': ['er']}]
2022-05-03 17:20:54,358:INFO:1 total parameter dictionaries
2022-05-03 17:20:54,358:INFO:30 total parameter combinations
2022-05-03 17:20:54,358:INFO:Params 0 / 30
2022-05-03 17:21:13,073:INFO:NEW RUN:
2022-05-03 17:21:13,073:INFO:Args: Namespace(experiment='soft_samples', jobs=-2)
2022-05-03 17:21:13,073:INFO:Experimental settings:
2022-05-03 17:21:13,073:INFO:[{'n_variables': [6], 'n_total_environments': [5], 'sparsity': [1, 2, 3, 4, 5, 6], 'intervention_targets': [None], 'sample_size': [50, 100, 200, 300, 500], 'dag_density': [0.3], 'reps': [20], 'data_simulator': ['cdnod'], 'dag_simulator': ['er']}]
2022-05-03 17:21:13,073:INFO:1 total parameter dictionaries
2022-05-03 17:21:13,073:INFO:30 total parameter combinations
2022-05-03 17:21:13,073:INFO:Params 0 / 30
2022-05-03 17:21:38,510:INFO:Params 1 / 30
2022-05-03 17:21:47,197:INFO:Params 2 / 30
2022-05-03 17:22:19,682:INFO:Params 3 / 30
2022-05-03 17:23:45,642:INFO:Params 4 / 30
2022-05-03 17:29:29,131:INFO:Params 5 / 30
2022-05-03 17:29:31,709:INFO:Params 6 / 30
2022-05-03 17:29:39,942:INFO:Params 7 / 30
2022-05-03 17:30:13,430:INFO:Params 8 / 30
2022-05-03 17:31:34,442:INFO:Params 9 / 30
2022-05-03 17:37:19,810:INFO:Params 10 / 30
2022-05-03 17:37:22,352:INFO:Params 11 / 30
2022-05-03 17:37:30,914:INFO:Params 12 / 30
2022-05-03 17:38:03,804:INFO:Params 13 / 30
2022-05-03 17:39:26,253:INFO:Params 14 / 30
2022-05-03 17:45:10,041:INFO:Params 15 / 30
2022-05-03 17:45:12,875:INFO:Params 16 / 30
2022-05-03 17:45:21,945:INFO:Params 17 / 30
2022-05-03 17:45:54,075:INFO:Params 18 / 30
2022-05-03 17:47:16,334:INFO:Params 19 / 30
2022-05-03 17:52:58,053:INFO:Params 20 / 30
2022-05-03 17:53:00,607:INFO:Params 21 / 30
2022-05-03 17:53:09,062:INFO:Params 22 / 30
2022-05-03 17:53:40,636:INFO:Params 23 / 30
2022-05-03 17:55:00,744:INFO:Params 24 / 30
2022-05-03 18:00:47,904:INFO:Params 25 / 30
2022-05-03 18:00:50,504:INFO:Params 26 / 30
2022-05-03 18:00:58,917:INFO:Params 27 / 30
2022-05-03 18:01:30,928:INFO:Params 28 / 30
2022-05-03 18:02:52,315:INFO:Params 29 / 30
2022-05-04 03:34:27,666:INFO:NEW RUN:
2022-05-04 03:34:27,666:INFO:Args: Namespace(experiment='soft_samples', jobs=None)
2022-05-04 03:34:27,666:INFO:Experimental settings:
2022-05-04 03:34:27,666:INFO:[{'n_variables': [6], 'n_total_environments': [5], 'sparsity': [1, 5, 6], 'intervention_targets': [None], 'sample_size': [50, 100], 'dag_density': [0.3], 'reps': [10], 'data_simulator': ['cdnod'], 'dag_simulator': ['er']}]
2022-05-04 03:34:27,666:INFO:1 total parameter dictionaries
2022-05-04 03:34:27,666:INFO:6 total parameter combinations
2022-05-04 03:34:27,666:INFO:Params 0 / 6
2022-05-04 04:19:42,297:INFO:NEW RUN:
2022-05-04 04:19:42,297:INFO:Args: Namespace(experiment='environment_convergence', jobs=-2)
2022-05-04 04:19:42,297:INFO:Experimental settings:
2022-05-04 04:19:42,297:INFO:[{'n_variables': [6], 'n_total_environments': [10], 'sparsity': [1, 2, 4], 'intervention_targets': [None], 'sample_size': [500], 'dag_density': [0.3], 'reps': [20], 'data_simulator': ['cdnod'], 'dag_simulator': ['er']}]
2022-05-04 04:19:42,298:INFO:1 total parameter dictionaries
2022-05-04 04:19:42,298:INFO:3 total parameter combinations
2022-05-04 04:19:42,298:INFO:Params 0 / 3
2022-05-04 04:20:01,204:INFO:NEW RUN:
2022-05-04 04:20:01,204:INFO:Args: Namespace(experiment='environment_convergence', jobs=-2)
2022-05-04 04:20:01,204:INFO:Experimental settings:
2022-05-04 04:20:01,204:INFO:[{'n_variables': [6], 'n_total_environments': [10], 'sparsity': [1, 2, 4], 'intervention_targets': [None], 'sample_size': [500], 'dag_density': [0.3], 'reps': [20], 'data_simulator': ['cdnod'], 'dag_simulator': ['er']}]
2022-05-04 04:20:01,205:INFO:1 total parameter dictionaries
2022-05-04 04:20:01,205:INFO:3 total parameter combinations
2022-05-04 04:20:01,205:INFO:Params 0 / 3
2022-05-04 04:50:22,981:INFO:Params 1 / 3
2022-05-04 05:20:39,999:INFO:Params 2 / 3
2022-05-06 14:55:39,024:INFO:NEW RUN:
2022-05-06 14:55:39,024:INFO:Args: Namespace(experiment='pairwise_power', jobs=-2)
2022-05-06 14:55:39,024:INFO:Experimental settings:
2022-05-06 14:55:39,024:INFO:[{'n_variables': [6], 'n_total_environments': [2], 'sparsity': [3, 4, 1, 6], 'intervention_targets': [None], 'sample_size': [500], 'dag_density': [0.3], 'reps': [20], 'data_simulator': ['cdnod'], 'dag_simulator': ['er']}]
2022-05-06 14:55:39,024:INFO:1 total parameter dictionaries
2022-05-06 14:55:39,024:INFO:4 total parameter combinations
2022-05-06 14:55:39,024:INFO:Params 0 / 4
2022-05-06 14:56:23,843:INFO:Params 1 / 4
2022-05-06 14:57:08,027:INFO:Params 2 / 4
2022-05-06 14:57:51,548:INFO:Params 3 / 4
2022-05-06 15:06:52,582:INFO:NEW RUN:
2022-05-06 15:06:52,582:INFO:Args: Namespace(experiment='pairwise_power', jobs=-2)
2022-05-06 15:06:52,582:INFO:Experimental settings:
2022-05-06 15:06:52,582:INFO:[{'n_variables': [2], 'n_total_environments': [2], 'sparsity': [1], 'intervention_targets': [None], 'sample_size': [500], 'dag_density': [0.3], 'reps': [20], 'data_simulator': ['cdnod'], 'dag_simulator': ['er']}, {'n_variables': [4], 'n_total_environments': [2], 'sparsity': [2], 'intervention_targets': [None], 'sample_size': [500], 'dag_density': [0.3], 'reps': [20], 'data_simulator': ['cdnod'], 'dag_simulator': ['er']}, {'n_variables': [8], 'n_total_environments': [2], 'sparsity': [4], 'intervention_targets': [None], 'sample_size': [500], 'dag_density': [0.3], 'reps': [20], 'data_simulator': ['cdnod'], 'dag_simulator': ['er']}, {'n_variables': [16], 'n_total_environments': [2], 'sparsity': [8], 'intervention_targets': [None], 'sample_size': [500], 'dag_density': [0.3], 'reps': [20], 'data_simulator': ['cdnod'], 'dag_simulator': ['er']}]
2022-05-06 15:06:52,583:INFO:4 total parameter dictionaries
2022-05-06 15:06:52,583:INFO:1 total parameter combinations
2022-05-06 15:06:52,583:INFO:Params 0 / 1
2022-05-06 15:07:03,105:INFO:1 total parameter combinations
2022-05-06 15:07:03,106:INFO:Params 0 / 1
2022-05-06 15:07:34,791:INFO:1 total parameter combinations
2022-05-06 15:07:34,791:INFO:Params 0 / 1
2022-05-06 15:08:27,801:INFO:1 total parameter combinations
2022-05-06 15:08:27,801:INFO:Params 0 / 1
2022-05-06 15:11:11,320:INFO:NEW RUN:
2022-05-06 15:11:11,320:INFO:Args: Namespace(experiment='pairwise_power', jobs=None)
2022-05-06 15:11:11,320:INFO:Experimental settings:
2022-05-06 15:11:11,320:INFO:[{'n_variables': [16], 'n_total_environments': [2], 'sparsity': [8], 'intervention_targets': [None], 'sample_size': [500], 'dag_density': [0.3], 'reps': [20], 'data_simulator': ['cdnod'], 'dag_simulator': ['er']}]
2022-05-06 15:11:11,320:INFO:1 total parameter dictionaries
2022-05-06 15:11:11,320:INFO:1 total parameter combinations
2022-05-06 15:11:11,320:INFO:Params 0 / 1
2022-05-06 15:40:15,622:INFO:NEW RUN:
2022-05-06 15:40:15,622:INFO:Args: Namespace(experiment='pairwise_power', jobs=None)
2022-05-06 15:40:15,622:INFO:Experimental settings:
2022-05-06 15:40:15,622:INFO:[{'n_variables': [2], 'n_total_environments': [2], 'sparsity': [None], 'intervention_targets': [[[1], [0]], [[1], [1]], [[0], [0]], [[0], [1]]], 'sample_size': [500], 'dag_density': [0.3], 'reps': [1], 'data_simulator': ['cdnod'], 'dag_simulator': ['er']}]
2022-05-06 15:40:15,623:INFO:1 total parameter dictionaries
2022-05-06 15:40:15,623:INFO:4 total parameter combinations
2022-05-06 15:40:15,623:INFO:Params 0 / 4
2022-05-06 15:40:22,006:INFO:Params 1 / 4
2022-05-06 15:40:26,826:INFO:Params 2 / 4
2022-05-06 15:40:31,256:INFO:Params 3 / 4
2022-05-06 15:57:41,228:INFO:NEW RUN:
2022-05-06 15:57:41,228:INFO:Args: Namespace(experiment='oracle_select_rates', jobs=-2)
2022-05-06 15:57:41,228:INFO:Experimental settings:
2022-05-06 15:57:41,228:INFO:[{'n_variables': [6, 8, 10, 12], 'n_total_environments': [5], 'sparsity': [0.5], 'intervention_targets': [None], 'sample_size': [None], 'dag_density': [0.3], 'reps': [20], 'data_simulator': [None], 'dag_simulator': ['er', 'ba']}, {'n_variables': [8], 'n_total_environments': [5], 'sparsity': [1, 2, 3, 4, 5, 6, 7], 'intervention_targets': [None], 'sample_size': [None], 'dag_density': [0.3], 'reps': [20], 'data_simulator': [None], 'dag_simulator': ['er', 'ba']}, {'n_variables': [8], 'n_total_environments': [2, 3, 4, 5, 7, 10, 15], 'sparsity': [4], 'intervention_targets': [None], 'sample_size': [None], 'dag_density': [0.3], 'reps': [20], 'data_simulator': [None], 'dag_simulator': ['er', 'ba']}, {'n_variables': [8], 'n_total_environments': [5], 'sparsity': [4], 'intervention_targets': [None], 'sample_size': [None], 'dag_density': [0.3, 0.5, 0.7, 0.9, 0.1], 'reps': [20], 'data_simulator': [None], 'dag_simulator': ['er', 'ba']}]
2022-05-06 15:57:41,228:INFO:4 total parameter dictionaries
2022-05-06 15:57:41,228:INFO:8 total parameter combinations
2022-05-06 15:57:41,228:INFO:Params 0 / 8
2022-05-06 15:58:51,894:INFO:NEW RUN:
2022-05-06 15:58:51,894:INFO:Args: Namespace(experiment='oracle_select_rates', jobs=-2)
2022-05-06 15:58:51,894:INFO:Experimental settings:
2022-05-06 15:58:51,894:INFO:[{'n_variables': [6, 8, 10, 12], 'n_total_environments': [5], 'sparsity': [0.5], 'intervention_targets': [None], 'sample_size': [None], 'dag_density': [0.3], 'reps': [20], 'data_simulator': [None], 'dag_simulator': ['er', 'ba']}, {'n_variables': [8], 'n_total_environments': [5], 'sparsity': [1, 2, 3, 4, 5, 6, 7], 'intervention_targets': [None], 'sample_size': [None], 'dag_density': [0.3], 'reps': [20], 'data_simulator': [None], 'dag_simulator': ['er', 'ba']}, {'n_variables': [8], 'n_total_environments': [2, 3, 4, 5, 7, 10, 15], 'sparsity': [4], 'intervention_targets': [None], 'sample_size': [None], 'dag_density': [0.3], 'reps': [20], 'data_simulator': [None], 'dag_simulator': ['er', 'ba']}, {'n_variables': [8], 'n_total_environments': [5], 'sparsity': [4], 'intervention_targets': [None], 'sample_size': [None], 'dag_density': [0.3, 0.5, 0.7, 0.9, 0.1], 'reps': [20], 'data_simulator': [None], 'dag_simulator': ['er', 'ba']}]
2022-05-06 15:58:51,895:INFO:4 total parameter dictionaries
2022-05-06 15:58:51,895:INFO:8 total parameter combinations
2022-05-06 15:58:51,895:INFO:Params 0 / 8
2022-05-06 15:58:54,181:INFO:Params 1 / 8
2022-05-06 15:58:56,646:INFO:Params 2 / 8
2022-05-06 15:58:58,537:INFO:Params 3 / 8
2022-05-06 15:58:58,615:INFO:Params 4 / 8
2022-05-06 15:58:58,715:INFO:Params 5 / 8
2022-05-06 15:58:58,791:INFO:Params 6 / 8
2022-05-06 15:58:58,873:INFO:Params 7 / 8
2022-05-06 15:58:58,960:INFO:14 total parameter combinations
2022-05-06 15:58:58,961:INFO:Params 0 / 14
2022-05-06 15:58:59,036:INFO:Params 1 / 14
2022-05-06 15:58:59,123:INFO:Params 2 / 14
2022-05-06 15:58:59,206:INFO:Params 3 / 14
2022-05-06 15:58:59,282:INFO:Params 4 / 14
2022-05-06 15:58:59,369:INFO:Params 5 / 14
2022-05-06 15:58:59,446:INFO:Params 6 / 14
2022-05-06 15:58:59,521:INFO:Params 7 / 14
2022-05-06 15:58:59,605:INFO:Params 8 / 14
2022-05-06 15:58:59,689:INFO:Params 9 / 14
2022-05-06 15:58:59,779:INFO:Params 10 / 14
2022-05-06 15:58:59,871:INFO:Params 11 / 14
2022-05-06 15:58:59,954:INFO:Params 12 / 14
2022-05-06 15:59:00,057:INFO:Params 13 / 14
2022-05-06 15:59:00,143:INFO:14 total parameter combinations
2022-05-06 15:59:00,143:INFO:Params 0 / 14
2022-05-06 15:59:00,220:INFO:Params 1 / 14
2022-05-06 15:59:00,295:INFO:Params 2 / 14
2022-05-06 15:59:00,372:INFO:Params 3 / 14
2022-05-06 15:59:00,452:INFO:Params 4 / 14
2022-05-06 15:59:00,533:INFO:Params 5 / 14
2022-05-06 15:59:00,621:INFO:Params 6 / 14
2022-05-06 15:59:00,717:INFO:Params 7 / 14
2022-05-06 15:59:00,808:INFO:Params 8 / 14
2022-05-06 15:59:00,911:INFO:Params 9 / 14
2022-05-06 15:59:01,010:INFO:Params 10 / 14
2022-05-06 15:59:01,148:INFO:Params 11 / 14
2022-05-06 15:59:01,254:INFO:Params 12 / 14
2022-05-06 15:59:01,432:INFO:Params 13 / 14
2022-05-06 15:59:01,625:INFO:10 total parameter combinations
2022-05-06 15:59:01,625:INFO:Params 0 / 10
2022-05-06 15:59:01,730:INFO:Params 1 / 10
2022-05-06 15:59:01,836:INFO:Params 2 / 10
2022-05-06 15:59:01,944:INFO:Params 3 / 10
2022-05-06 15:59:02,058:INFO:Params 4 / 10
2022-05-06 15:59:02,315:INFO:Params 5 / 10
2022-05-06 15:59:02,415:INFO:Params 6 / 10
2022-05-06 15:59:50,851:INFO:Params 7 / 10
2022-05-06 15:59:50,996:INFO:Params 8 / 10
2022-05-06 15:59:51,100:INFO:Params 9 / 10
2022-05-06 16:33:11,189:INFO:NEW RUN:
2022-05-06 16:33:11,190:INFO:Args: Namespace(experiment='pairwise_power', jobs=-2)
2022-05-06 16:33:11,190:INFO:Experimental settings:
2022-05-06 16:33:11,190:INFO:[{'n_variables': [4, 6, 8, 10, 12], 'n_total_environments': [2], 'sparsity': [0.5], 'intervention_targets': [None], 'sample_size': [500], 'dag_density': [0.3], 'reps': [20], 'data_simulator': [None], 'dag_simulator': ['er']}, {'n_variables': [6], 'n_total_environments': [2], 'sparsity': [1, 2, 3, 4, 5], 'intervention_targets': [None], 'sample_size': [500], 'dag_density': [0.3], 'reps': [20], 'data_simulator': [None], 'dag_simulator': ['er']}, {'n_variables': [6], 'n_total_environments': [2], 'sparsity': [3], 'intervention_targets': [None], 'sample_size': [500], 'dag_density': [0.3, 0.5, 0.7, 0.9], 'reps': [20], 'data_simulator': [None], 'dag_simulator': ['er']}]
2022-05-06 16:33:11,190:INFO:3 total parameter dictionaries
2022-05-06 16:33:11,190:INFO:5 total parameter combinations
2022-05-06 16:33:11,190:INFO:Params 0 / 5
2022-05-06 16:33:13,570:INFO:Params 1 / 5
2022-05-06 16:33:15,981:INFO:Params 2 / 5
2022-05-06 16:33:17,821:INFO:Params 3 / 5
2022-05-06 16:33:17,903:INFO:Params 4 / 5
2022-05-06 16:33:17,971:INFO:5 total parameter combinations
2022-05-06 16:33:17,971:INFO:Params 0 / 5
2022-05-06 16:33:18,032:INFO:Params 1 / 5
2022-05-06 16:33:18,096:INFO:Params 2 / 5
2022-05-06 16:33:18,173:INFO:Params 3 / 5
2022-05-06 16:33:18,249:INFO:Params 4 / 5
2022-05-06 16:33:18,324:INFO:4 total parameter combinations
2022-05-06 16:33:18,324:INFO:Params 0 / 4
2022-05-06 16:33:18,395:INFO:Params 1 / 4
2022-05-06 16:33:18,493:INFO:Params 2 / 4
2022-05-06 16:33:18,621:INFO:Params 3 / 4
2022-05-06 16:34:56,489:INFO:NEW RUN:
2022-05-06 16:34:56,489:INFO:Args: Namespace(experiment='pairwise_power', jobs=-2)
2022-05-06 16:34:56,489:INFO:Experimental settings:
2022-05-06 16:34:56,489:INFO:[{'n_variables': [4, 6, 8, 10, 12], 'n_total_environments': [2], 'sparsity': [0.5], 'intervention_targets': [None], 'sample_size': [500], 'dag_density': [0.3], 'reps': [20], 'data_simulator': ['cdnod'], 'dag_simulator': ['er']}, {'n_variables': [6], 'n_total_environments': [2], 'sparsity': [1, 2, 3, 4, 5], 'intervention_targets': [None], 'sample_size': [500], 'dag_density': [0.3], 'reps': [20], 'data_simulator': ['cdnod'], 'dag_simulator': ['er']}, {'n_variables': [6], 'n_total_environments': [2], 'sparsity': [3], 'intervention_targets': [None], 'sample_size': [500], 'dag_density': [0.3, 0.5, 0.7, 0.9], 'reps': [20], 'data_simulator': ['cdnod'], 'dag_simulator': ['er']}]
2022-05-06 16:34:56,490:INFO:3 total parameter dictionaries
2022-05-06 16:34:56,490:INFO:5 total parameter combinations
2022-05-06 16:34:56,490:INFO:Params 0 / 5
2022-05-06 16:35:26,710:INFO:Params 1 / 5
2022-05-06 16:36:10,955:INFO:Params 2 / 5
2022-05-06 16:37:03,261:INFO:Params 3 / 5
2022-05-06 16:38:11,133:INFO:Params 4 / 5
2022-05-06 16:39:19,709:INFO:5 total parameter combinations
2022-05-06 16:39:19,709:INFO:Params 0 / 5
2022-05-06 16:40:02,558:INFO:Params 1 / 5
2022-05-06 16:40:45,122:INFO:Params 2 / 5
2022-05-06 16:41:27,197:INFO:Params 3 / 5
2022-05-06 16:42:08,651:INFO:Params 4 / 5
2022-05-06 16:42:50,937:INFO:4 total parameter combinations
2022-05-06 16:42:50,937:INFO:Params 0 / 4
2022-05-06 16:43:32,802:INFO:Params 1 / 4
2022-05-06 16:45:15,776:INFO:Params 2 / 4
2022-05-06 16:48:25,421:INFO:Params 3 / 4
2022-05-06 17:38:21,770:INFO:NEW RUN:
2022-05-06 17:38:21,770:INFO:Args: Namespace(experiment='pairwise_power', jobs=-2)
2022-05-06 17:38:21,770:INFO:Experimental settings:
2022-05-06 17:38:21,770:INFO:[{'n_variables': [6, 8, 10, 12], 'n_total_environments': [5], 'sparsity': [0.5], 'intervention_targets': [None], 'sample_size': [500], 'dag_density': [0.3], 'reps': [20], 'data_simulator': ['cdnod'], 'dag_simulator': ['er']}, {'n_variables': [8], 'n_total_environments': [5], 'sparsity': [1, 3, 5, 7], 'intervention_targets': [None], 'sample_size': [500], 'dag_density': [0.3], 'reps': [20], 'data_simulator': ['cdnod'], 'dag_simulator': ['er']}, {'n_variables': [8], 'n_total_environments': [5], 'sparsity': [0.5], 'intervention_targets': [None], 'sample_size': [500], 'dag_density': [0.3, 0.5, 0.7, 0.9], 'reps': [20], 'data_simulator': ['cdnod'], 'dag_simulator': ['er']}]
2022-05-06 17:38:21,770:INFO:3 total parameter dictionaries
2022-05-06 17:38:21,770:INFO:4 total parameter combinations
2022-05-06 17:38:21,770:INFO:Params 0 / 4
2022-05-06 17:45:07,264:INFO:Params 1 / 4
2022-05-06 17:53:40,358:INFO:Params 2 / 4
2022-05-06 18:04:32,872:INFO:Params 3 / 4
2022-05-07 03:51:55,712:INFO:NEW RUN:
2022-05-07 03:51:55,712:INFO:Args: Namespace(experiment='pairwise_power', jobs=-2)
2022-05-07 03:51:55,712:INFO:Experimental settings:
2022-05-07 03:51:55,712:INFO:[{'n_variables': [6, 8, 10, 12], 'n_total_environments': [5], 'sparsity': [0.5], 'intervention_targets': [None], 'sample_size': [500], 'dag_density': [0.3], 'reps': [1], 'data_simulator': ['cdnod'], 'dag_simulator': ['er']}, {'n_variables': [8], 'n_total_environments': [5], 'sparsity': [1, 3, 5, 7], 'intervention_targets': [None], 'sample_size': [500], 'dag_density': [0.3], 'reps': [1], 'data_simulator': ['cdnod'], 'dag_simulator': ['er']}, {'n_variables': [8], 'n_total_environments': [5], 'sparsity': [0.5], 'intervention_targets': [None], 'sample_size': [500], 'dag_density': [0.3, 0.5, 0.7, 0.9], 'reps': [1], 'data_simulator': ['cdnod'], 'dag_simulator': ['er']}]
2022-05-07 03:51:55,713:INFO:3 total parameter dictionaries
2022-05-07 03:51:55,713:INFO:4 total parameter combinations
2022-05-07 03:51:55,713:INFO:Params 0 / 4
2022-05-07 03:53:51,917:INFO:Params 1 / 4
2022-05-07 03:57:11,572:INFO:Params 2 / 4
2022-05-07 03:58:43,894:INFO:NEW RUN:
2022-05-07 03:58:43,895:INFO:Args: Namespace(experiment='pairwise_power', jobs=-2)
2022-05-07 03:58:43,895:INFO:Experimental settings:
2022-05-07 03:58:43,895:INFO:[{'n_variables': [6, 8, 10, 12], 'n_total_environments': [2], 'sparsity': [0.5], 'intervention_targets': [None], 'sample_size': [500], 'dag_density': [0.3], 'reps': [1], 'data_simulator': ['cdnod'], 'dag_simulator': ['er']}, {'n_variables': [8], 'n_total_environments': [2], 'sparsity': [1, 3, 5, 7], 'intervention_targets': [None], 'sample_size': [500], 'dag_density': [0.3], 'reps': [1], 'data_simulator': ['cdnod'], 'dag_simulator': ['er']}, {'n_variables': [8], 'n_total_environments': [2], 'sparsity': [0.5], 'intervention_targets': [None], 'sample_size': [500], 'dag_density': [0.3, 0.5, 0.7, 0.9], 'reps': [1], 'data_simulator': ['cdnod'], 'dag_simulator': ['er']}]
2022-05-07 03:58:43,895:INFO:3 total parameter dictionaries
2022-05-07 03:58:43,895:INFO:4 total parameter combinations
2022-05-07 03:58:43,895:INFO:Params 0 / 4
2022-05-07 03:58:57,707:INFO:Params 1 / 4
2022-05-07 03:59:19,561:INFO:Params 2 / 4
2022-05-07 03:59:50,542:INFO:Params 3 / 4
2022-05-07 04:00:15,940:INFO:4 total parameter combinations
2022-05-07 04:00:15,940:INFO:Params 0 / 4
2022-05-07 04:00:37,743:INFO:Params 1 / 4
2022-05-07 04:00:59,456:INFO:Params 2 / 4
2022-05-07 04:01:21,111:INFO:Params 3 / 4
2022-05-07 04:17:18,578:INFO:NEW RUN:
2022-05-07 04:17:18,578:INFO:Args: Namespace(experiment='pairwise_power', jobs=-2)
2022-05-07 04:17:18,578:INFO:Experimental settings:
2022-05-07 04:17:18,578:INFO:[{'n_variables': [3, 6, 9, 12], 'n_total_environments': [2], 'sparsity': [0.3333333333333333], 'intervention_targets': [None], 'sample_size': [500], 'dag_density': [0.3], 'reps': [50], 'data_simulator': ['cdnod'], 'dag_simulator': ['er']}, {'n_variables': [6], 'n_total_environments': [2], 'sparsity': [1, 2, 3, 4, 5], 'intervention_targets': [None], 'sample_size': [500], 'dag_density': [0.3], 'reps': [50], 'data_simulator': ['cdnod'], 'dag_simulator': ['er']}, {'n_variables': [6], 'n_total_environments': [2], 'sparsity': [0.3333333333333333], 'intervention_targets': [None], 'sample_size': [500], 'dag_density': [0.3, 0.5, 0.7, 0.9], 'reps': [50], 'data_simulator': ['cdnod'], 'dag_simulator': ['er']}]
2022-05-07 04:17:18,579:INFO:3 total parameter dictionaries
2022-05-07 04:17:18,579:INFO:4 total parameter combinations
2022-05-07 04:17:18,579:INFO:Params 0 / 4
2022-05-07 04:18:04,412:INFO:Params 1 / 4
2022-05-07 04:19:27,158:INFO:Params 2 / 4
2022-05-07 04:21:44,889:INFO:Params 3 / 4
2022-05-07 04:24:22,698:INFO:5 total parameter combinations
2022-05-07 04:24:22,698:INFO:Params 0 / 5
2022-05-07 04:25:49,664:INFO:Params 1 / 5
2022-05-07 04:27:13,327:INFO:Params 2 / 5
2022-05-07 04:28:39,786:INFO:Params 3 / 5
2022-05-07 04:30:02,719:INFO:Params 4 / 5
2022-05-07 04:31:23,825:INFO:4 total parameter combinations
2022-05-07 04:31:23,825:INFO:Params 0 / 4
2022-05-07 04:32:48,564:INFO:Params 1 / 4
2022-05-07 04:35:19,538:INFO:Params 2 / 4
2022-05-07 04:39:38,100:INFO:Params 3 / 4
2022-05-07 05:15:09,052:INFO:NEW RUN:
2022-05-07 05:15:09,052:INFO:Args: Namespace(experiment='pairwise_power', jobs=-2)
2022-05-07 05:15:09,052:INFO:Experimental settings:
2022-05-07 05:15:09,052:INFO:[{'n_variables': [6], 'n_total_environments': [2], 'sparsity': [1, 2, 3, 4, 5], 'intervention_targets': [None], 'sample_size': [100], 'dag_density': [0.3], 'reps': [50], 'data_simulator': ['cdnod'], 'dag_simulator': ['er']}, {'n_variables': [6], 'n_total_environments': [2], 'sparsity': [0.3333333333333333], 'intervention_targets': [None], 'sample_size': [100], 'dag_density': [0.3, 0.5, 0.7, 0.9], 'reps': [50], 'data_simulator': ['cdnod'], 'dag_simulator': ['er']}, {'n_variables': [3, 6, 9, 12], 'n_total_environments': [2], 'sparsity': [0.3333333333333333], 'intervention_targets': [None], 'sample_size': [100], 'dag_density': [0.3], 'reps': [50], 'data_simulator': ['cdnod'], 'dag_simulator': ['er']}]
2022-05-07 05:15:09,052:INFO:3 total parameter dictionaries
2022-05-07 05:15:09,052:INFO:5 total parameter combinations
2022-05-07 05:15:09,052:INFO:Params 0 / 5
2022-05-07 05:15:16,886:INFO:Params 1 / 5
2022-05-07 05:15:22,696:INFO:Params 2 / 5
2022-05-07 05:15:26,648:INFO:Params 3 / 5
2022-05-07 05:15:30,811:INFO:Params 4 / 5
2022-05-07 05:15:34,837:INFO:4 total parameter combinations
2022-05-07 05:15:34,837:INFO:Params 0 / 4
2022-05-07 05:15:38,789:INFO:Params 1 / 4
2022-05-07 05:15:48,620:INFO:Params 2 / 4
2022-05-07 05:19:21,227:INFO:NEW RUN:
2022-05-07 05:19:21,227:INFO:Args: Namespace(experiment='pairwise_power', jobs=-2)
2022-05-07 05:19:21,227:INFO:Experimental settings:
2022-05-07 05:19:21,228:INFO:[{'n_variables': [6], 'n_total_environments': [2], 'sparsity': [1, 2, 3, 4, 5], 'intervention_targets': [None], 'sample_size': [100], 'dag_density': [0.3], 'reps': [50], 'data_simulator': ['cdnod'], 'dag_simulator': ['er']}, {'n_variables': [6], 'n_total_environments': [2], 'sparsity': [0.3333333333333333], 'intervention_targets': [None], 'sample_size': [100], 'dag_density': [0.3, 0.5, 0.7], 'reps': [50], 'data_simulator': ['cdnod'], 'dag_simulator': ['er']}, {'n_variables': [3, 6, 9, 12], 'n_total_environments': [2], 'sparsity': [0.3333333333333333], 'intervention_targets': [None], 'sample_size': [100], 'dag_density': [0.3], 'reps': [50], 'data_simulator': ['cdnod'], 'dag_simulator': ['er']}]
2022-05-07 05:19:21,228:INFO:3 total parameter dictionaries
2022-05-07 05:19:21,228:INFO:5 total parameter combinations
2022-05-07 05:19:21,228:INFO:Params 0 / 5
2022-05-07 05:19:29,200:INFO:Params 1 / 5
2022-05-07 05:19:34,814:INFO:Params 2 / 5
2022-05-07 05:19:38,787:INFO:Params 3 / 5
2022-05-07 05:19:42,722:INFO:Params 4 / 5
2022-05-07 05:19:46,847:INFO:3 total parameter combinations
2022-05-07 05:19:46,848:INFO:Params 0 / 3
2022-05-07 05:19:50,992:INFO:Params 1 / 3
2022-05-07 05:20:00,845:INFO:Params 2 / 3
2022-05-07 05:20:20,478:INFO:4 total parameter combinations
2022-05-07 05:20:20,478:INFO:Params 0 / 4
2022-05-07 05:20:22,401:INFO:Params 1 / 4
2022-05-07 05:20:26,438:INFO:Params 2 / 4
2022-05-07 05:20:32,496:INFO:Params 3 / 4
2022-05-07 05:20:38,494:INFO:Complete
2022-05-07 05:29:04,418:INFO:NEW RUN:
2022-05-07 05:29:04,418:INFO:Args: Namespace(experiment='pairwise_power', jobs=-2)
2022-05-07 05:29:04,418:INFO:Experimental settings:
2022-05-07 05:29:04,418:INFO:[{'n_variables': [6], 'n_total_environments': [5], 'sparsity': [1, 2, 3, 4, 5], 'intervention_targets': [None], 'sample_size': [500], 'dag_density': [0.3], 'reps': [50], 'data_simulator': ['cdnod'], 'dag_simulator': ['er']}, {'n_variables': [6], 'n_total_environments': [5], 'sparsity': [0.3333333333333333], 'intervention_targets': [None], 'sample_size': [500], 'dag_density': [0.3, 0.5, 0.7], 'reps': [50], 'data_simulator': ['cdnod'], 'dag_simulator': ['er']}, {'n_variables': [3, 6, 9, 12], 'n_total_environments': [5], 'sparsity': [0.3333333333333333], 'intervention_targets': [None], 'sample_size': [500], 'dag_density': [0.3], 'reps': [50], 'data_simulator': ['cdnod'], 'dag_simulator': ['er']}]
2022-05-07 05:29:04,418:INFO:3 total parameter dictionaries
2022-05-07 05:29:04,418:INFO:5 total parameter combinations
2022-05-07 05:29:04,419:INFO:Params 0 / 5
2022-05-07 05:43:15,987:INFO:Params 1 / 5
2022-05-07 05:57:13,026:INFO:Params 2 / 5
2022-05-07 06:11:08,295:INFO:Params 3 / 5
2022-05-07 11:41:07,227:INFO:NEW RUN:
2022-05-07 11:41:07,227:INFO:Args: Namespace(experiment='pairwise_power', jobs=-2)
2022-05-07 11:41:07,227:INFO:Experimental settings:
2022-05-07 11:41:07,227:INFO:[{'n_variables': [6], 'n_total_environments': [5], 'sparsity': [4, 5], 'intervention_targets': [None], 'sample_size': [500], 'dag_density': [0.3], 'reps': [50], 'data_simulator': ['cdnod'], 'dag_simulator': ['er']}, {'n_variables': [6], 'n_total_environments': [5], 'sparsity': [0.3333333333333333], 'intervention_targets': [None], 'sample_size': [500], 'dag_density': [0.3, 0.5, 0.7], 'reps': [50], 'data_simulator': ['cdnod'], 'dag_simulator': ['er']}, {'n_variables': [3, 6, 9, 12], 'n_total_environments': [5], 'sparsity': [0.3333333333333333], 'intervention_targets': [None], 'sample_size': [500], 'dag_density': [0.3], 'reps': [50], 'data_simulator': ['cdnod'], 'dag_simulator': ['er']}]
2022-05-07 11:41:07,227:INFO:3 total parameter dictionaries
2022-05-07 11:41:07,227:INFO:2 total parameter combinations
2022-05-07 11:41:07,227:INFO:Params 0 / 2
2022-05-07 11:55:12,574:INFO:Params 1 / 2
2022-05-07 12:09:02,687:INFO:3 total parameter combinations
2022-05-07 12:09:02,688:INFO:Params 0 / 3
2022-05-07 12:23:18,324:INFO:Params 1 / 3
2022-05-07 12:48:20,816:INFO:Params 2 / 3
2022-05-07 13:30:31,229:INFO:4 total parameter combinations
2022-05-07 13:30:31,229:INFO:Params 0 / 4
2022-05-07 13:37:24,498:INFO:Params 1 / 4
2022-05-07 13:51:12,520:INFO:Params 2 / 4
2022-05-07 14:14:08,400:INFO:Params 3 / 4
2022-05-07 14:39:41,446:INFO:Complete
2022-05-07 15:12:45,616:INFO:NEW RUN:
2022-05-07 15:12:45,616:INFO:Args: Namespace(experiment='pairwise_power', jobs=-2)
2022-05-07 15:12:45,616:INFO:Experimental settings:
2022-05-07 15:12:45,616:INFO:[{'n_variables': [6], 'n_total_environments': [15], 'sparsity': [2], 'intervention_targets': [None], 'sample_size': [500], 'dag_density': [0.3], 'reps': [50], 'data_simulator': ['cdnod'], 'dag_simulator': ['er']}]
2022-05-07 15:12:45,616:INFO:1 total parameter dictionaries
2022-05-07 15:12:45,616:INFO:1 total parameter combinations
2022-05-07 15:12:45,616:INFO:Params 0 / 1
2022-05-07 17:39:15,225:INFO:Complete
2022-05-07 18:24:39,266:INFO:NEW RUN:
2022-05-07 18:24:39,266:INFO:Args: Namespace(experiment='pairwise_power', jobs=-2)
2022-05-07 18:24:39,266:INFO:Experimental settings:
2022-05-07 18:24:39,266:INFO:[{'n_variables': [6], 'n_total_environments': [5], 'sparsity': [2], 'intervention_targets': [None], 'sample_size': [50, 100, 250, 500, 1000], 'dag_density': [0.3], 'reps': [50], 'data_simulator': ['cdnod'], 'dag_simulator': ['er']}]
2022-05-07 18:24:39,267:INFO:1 total parameter dictionaries
2022-05-07 18:24:39,267:INFO:5 total parameter combinations
2022-05-07 18:24:39,267:INFO:Params 0 / 5
2022-05-07 18:25:13,082:INFO:Params 1 / 5
2022-05-07 18:25:52,005:INFO:Params 2 / 5
2022-05-07 18:27:59,591:INFO:Params 3 / 5
2022-05-07 18:42:12,669:INFO:Params 4 / 5
2022-05-07 20:27:54,543:INFO:Complete
2022-05-09 16:02:24,439:INFO:NEW RUN:
2022-05-09 16:02:24,440:INFO:Args: Namespace(experiment='DEBUG', jobs=None)
2022-05-09 16:02:24,440:INFO:Experimental settings:
2022-05-09 16:02:24,440:INFO:[{'n_variables': [3], 'n_total_environments': [3], 'sparsity': [2], 'intervention_targets': [None], 'sample_size': [50], 'dag_density': [0.3], 'reps': [3], 'data_simulator': ['cdnod'], 'dag_simulator': ['er']}]
2022-05-09 16:02:24,442:INFO:1 total parameter dictionaries
2022-05-09 16:02:24,442:INFO:1 total parameter combinations
2022-05-09 16:02:24,442:INFO:Params 0 / 1
2022-05-09 16:03:47,370:INFO:NEW RUN:
2022-05-09 16:03:47,370:INFO:Args: Namespace(experiment='DEBUG', jobs=None)
2022-05-09 16:03:47,371:INFO:Experimental settings:
2022-05-09 16:03:47,371:INFO:[{'n_variables': [3], 'n_total_environments': [3], 'sparsity': [2], 'intervention_targets': [None], 'sample_size': [50], 'dag_density': [0.3], 'reps': [3], 'data_simulator': ['cdnod'], 'dag_simulator': ['er']}]
2022-05-09 16:03:47,373:INFO:1 total parameter dictionaries
2022-05-09 16:03:47,373:INFO:1 total parameter combinations
2022-05-09 16:03:47,373:INFO:Params 0 / 1
2022-05-09 16:03:51,408:INFO:Complete
2022-05-09 16:05:41,759:INFO:NEW RUN:
2022-05-09 16:05:41,759:INFO:Args: Namespace(experiment='pairwise_power', jobs=-2)
2022-05-09 16:05:41,759:INFO:Experimental settings:
2022-05-09 16:05:41,759:INFO:[{'n_variables': [6], 'n_total_environments': [15], 'sparsity': [2], 'intervention_targets': [None], 'sample_size': [500], 'dag_density': [0.3], 'reps': [50], 'data_simulator': ['cdnod'], 'dag_simulator': ['er']}, {'n_variables': [6], 'n_total_environments': [5], 'sparsity': [1, 2, 3, 4, 5], 'intervention_targets': [None], 'sample_size': [500], 'dag_density': [0.3], 'reps': [50], 'data_simulator': ['cdnod'], 'dag_simulator': ['er']}, {'n_variables': [6], 'n_total_environments': [5], 'sparsity': [0.3333333333333333], 'intervention_targets': [None], 'sample_size': [500], 'dag_density': [0.3, 0.5, 0.7], 'reps': [50], 'data_simulator': ['cdnod'], 'dag_simulator': ['er']}, {'n_variables': [3, 6, 9, 12], 'n_total_environments': [5], 'sparsity': [0.3333333333333333], 'intervention_targets': [None], 'sample_size': [500], 'dag_density': [0.3], 'reps': [50], 'data_simulator': ['cdnod'], 'dag_simulator': ['er']}, {'n_variables': [6], 'n_total_environments': [5], 'sparsity': [2], 'intervention_targets': [None], 'sample_size': [50, 100, 250, 500, 1000], 'dag_density': [0.3], 'reps': [50], 'data_simulator': ['cdnod'], 'dag_simulator': ['er']}]
2022-05-09 16:05:41,759:INFO:5 total parameter dictionaries
2022-05-09 16:05:41,759:INFO:1 total parameter combinations
2022-05-09 16:05:41,759:INFO:Params 0 / 1
2022-05-09 17:51:11,289:INFO:NEW RUN:
2022-05-09 17:51:11,289:INFO:Args: Namespace(experiment='pairwise_power', jobs=-2)
2022-05-09 17:51:11,289:INFO:Experimental settings:
2022-05-09 17:51:11,289:INFO:[{'n_variables': [6], 'n_total_environments': [5], 'sparsity': [1, 2, 3, 4, 5], 'intervention_targets': [None], 'sample_size': [500], 'dag_density': [0.3], 'reps': [1], 'data_simulator': ['cdnod'], 'dag_simulator': ['er']}, {'n_variables': [6], 'n_total_environments': [5], 'sparsity': [0.3333333333333333], 'intervention_targets': [None], 'sample_size': [500], 'dag_density': [0.3, 0.5, 0.7], 'reps': [1], 'data_simulator': ['cdnod'], 'dag_simulator': ['er']}, {'n_variables': [3, 6, 9, 12], 'n_total_environments': [5], 'sparsity': [0.3333333333333333], 'intervention_targets': [None], 'sample_size': [500], 'dag_density': [0.3], 'reps': [1], 'data_simulator': ['cdnod'], 'dag_simulator': ['er']}, {'n_variables': [6], 'n_total_environments': [5], 'sparsity': [2], 'intervention_targets': [None], 'sample_size': [50, 100, 250, 500, 1000], 'dag_density': [0.3], 'reps': [1], 'data_simulator': ['cdnod'], 'dag_simulator': ['er']}]
2022-05-09 17:51:11,289:INFO:4 total parameter dictionaries
2022-05-09 17:51:11,289:INFO:5 total parameter combinations
2022-05-09 17:51:11,289:INFO:Params 0 / 5
2022-05-09 17:58:22,077:INFO:NEW RUN:
2022-05-09 17:58:22,077:INFO:Args: Namespace(experiment='pairwise_power', jobs=None)
2022-05-09 17:58:22,077:INFO:Experimental settings:
2022-05-09 17:58:22,077:INFO:[{'n_variables': [6], 'n_total_environments': [2], 'sparsity': [1, 2, 3, 4, 5], 'intervention_targets': [None], 'sample_size': [500], 'dag_density': [0.3], 'reps': [1], 'data_simulator': ['cdnod'], 'dag_simulator': ['er']}, {'n_variables': [6], 'n_total_environments': [5], 'sparsity': [0.3333333333333333], 'intervention_targets': [None], 'sample_size': [500], 'dag_density': [0.3, 0.5, 0.7], 'reps': [1], 'data_simulator': ['cdnod'], 'dag_simulator': ['er']}, {'n_variables': [3, 6, 9, 12], 'n_total_environments': [5], 'sparsity': [0.3333333333333333], 'intervention_targets': [None], 'sample_size': [500], 'dag_density': [0.3], 'reps': [1], 'data_simulator': ['cdnod'], 'dag_simulator': ['er']}, {'n_variables': [6], 'n_total_environments': [5], 'sparsity': [2], 'intervention_targets': [None], 'sample_size': [50, 100, 250, 500, 1000], 'dag_density': [0.3], 'reps': [1], 'data_simulator': ['cdnod'], 'dag_simulator': ['er']}]
2022-05-09 17:58:22,078:INFO:4 total parameter dictionaries
2022-05-09 17:58:22,078:INFO:5 total parameter combinations
2022-05-09 17:58:22,078:INFO:Params 0 / 5
2022-05-09 17:58:31,689:INFO:Params 1 / 5
2022-05-09 17:59:00,187:INFO:Params 2 / 5
2022-05-09 17:59:31,338:INFO:Params 3 / 5
2022-05-09 18:01:15,352:INFO:NEW RUN:
2022-05-09 18:01:15,353:INFO:Args: Namespace(experiment='pairwise_power', jobs=-2)
2022-05-09 18:01:15,353:INFO:Experimental settings:
2022-05-09 18:01:15,353:INFO:[{'n_variables': [6], 'n_total_environments': [2], 'sparsity': [1, 2, 3, 4, 5], 'intervention_targets': [None], 'sample_size': [500], 'dag_density': [0.3], 'reps': [50], 'data_simulator': ['cdnod'], 'dag_simulator': ['er']}, {'n_variables': [6], 'n_total_environments': [5], 'sparsity': [0.3333333333333333], 'intervention_targets': [None], 'sample_size': [500], 'dag_density': [0.3, 0.5, 0.7], 'reps': [1], 'data_simulator': ['cdnod'], 'dag_simulator': ['er']}, {'n_variables': [3, 6, 9, 12], 'n_total_environments': [5], 'sparsity': [0.3333333333333333], 'intervention_targets': [None], 'sample_size': [500], 'dag_density': [0.3], 'reps': [1], 'data_simulator': ['cdnod'], 'dag_simulator': ['er']}, {'n_variables': [6], 'n_total_environments': [5], 'sparsity': [2], 'intervention_targets': [None], 'sample_size': [50, 100, 250, 500, 1000], 'dag_density': [0.3], 'reps': [1], 'data_simulator': ['cdnod'], 'dag_simulator': ['er']}]
2022-05-09 18:01:15,353:INFO:4 total parameter dictionaries
2022-05-09 18:01:15,353:INFO:5 total parameter combinations
2022-05-09 18:01:15,353:INFO:Params 0 / 5
2022-05-09 18:04:57,756:INFO:Params 1 / 5
2022-05-09 18:24:08,472:INFO:NEW RUN:
2022-05-09 18:24:08,472:INFO:Args: Namespace(experiment='pairwise_power', jobs=-2)
2022-05-09 18:24:08,472:INFO:Experimental settings:
2022-05-09 18:24:08,472:INFO:[{'n_variables': [6], 'n_total_environments': [5], 'sparsity': [1, 2, 3, 4, 5], 'intervention_targets': [None], 'sample_size': [500], 'dag_density': [0.3], 'reps': [10], 'data_simulator': ['cdnod'], 'dag_simulator': ['er']}]
2022-05-09 18:24:08,472:INFO:1 total parameter dictionaries
2022-05-09 18:24:08,472:INFO:5 total parameter combinations
2022-05-09 18:24:08,472:INFO:Params 0 / 5
2022-05-09 19:20:38,038:INFO:Params 1 / 5
2022-05-09 20:38:48,549:INFO:Params 2 / 5
2022-05-09 22:23:46,034:INFO:Params 3 / 5
2022-05-10 00:16:05,321:INFO:Params 4 / 5
2022-05-11 04:39:52,952:INFO:NEW RUN:
2022-05-11 04:39:52,952:INFO:Args: Namespace(experiment='DEBUG', jobs=None)
2022-05-11 04:39:52,952:INFO:Experimental settings:
2022-05-11 04:39:52,952:INFO:[{'n_variables': [3], 'n_total_environments': [3], 'sparsity': [2], 'intervention_targets': [None], 'sample_size': [50], 'dag_density': [0.3], 'reps': [3], 'data_simulator': ['cdnod'], 'dag_simulator': ['er']}]
2022-05-11 04:39:52,952:INFO:1 total parameter dictionaries
2022-05-11 04:39:52,952:INFO:1 total parameter combinations
2022-05-11 04:39:52,952:INFO:Params 0 / 1
2022-05-11 04:40:23,103:INFO:NEW RUN:
2022-05-11 04:40:23,103:INFO:Args: Namespace(experiment='DEBUG', jobs=None)
2022-05-11 04:40:23,103:INFO:Experimental settings:
2022-05-11 04:40:23,103:INFO:[{'n_variables': [3], 'n_total_environments': [3], 'sparsity': [2], 'intervention_targets': [None], 'sample_size': [50], 'dag_density': [0.3], 'reps': [3], 'data_simulator': ['cdnod'], 'dag_simulator': ['er']}]
2022-05-11 04:40:23,104:INFO:1 total parameter dictionaries
2022-05-11 04:40:23,104:INFO:1 total parameter combinations
2022-05-11 04:40:23,104:INFO:Params 0 / 1
2022-05-11 04:40:53,114:INFO:NEW RUN:
2022-05-11 04:40:53,114:INFO:Args: Namespace(experiment='DEBUG', jobs=None)
2022-05-11 04:40:53,114:INFO:Experimental settings:
2022-05-11 04:40:53,114:INFO:[{'n_variables': [3], 'n_total_environments': [3], 'sparsity': [2], 'intervention_targets': [None], 'sample_size': [50], 'dag_density': [0.3], 'reps': [3], 'data_simulator': ['cdnod'], 'dag_simulator': ['er']}]
2022-05-11 04:40:53,114:INFO:1 total parameter dictionaries
2022-05-11 04:40:53,115:INFO:1 total parameter combinations
2022-05-11 04:40:53,115:INFO:Params 0 / 1
2022-05-11 04:42:02,267:INFO:NEW RUN:
2022-05-11 04:42:02,267:INFO:Args: Namespace(experiment='DEBUG', jobs=None)
2022-05-11 04:42:02,267:INFO:Experimental settings:
2022-05-11 04:42:02,267:INFO:[{'n_variables': [3], 'n_total_environments': [3], 'sparsity': [2], 'intervention_targets': [None], 'sample_size': [50], 'dag_density': [0.3], 'reps': [3], 'data_simulator': ['cdnod'], 'dag_simulator': ['er']}]
2022-05-11 04:42:02,267:INFO:1 total parameter dictionaries
2022-05-11 04:42:02,267:INFO:1 total parameter combinations
2022-05-11 04:42:02,267:INFO:Params 0 / 1
2022-05-11 10:52:00,614:INFO:NEW RUN:
2022-05-11 10:52:00,614:INFO:Args: Namespace(experiment='DEBUG', jobs=None)
2022-05-11 10:52:00,614:INFO:Experimental settings:
2022-05-11 10:52:00,614:INFO:[{'n_variables': [3], 'n_total_environments': [3], 'sparsity': [2], 'intervention_targets': [None], 'sample_size': [50], 'dag_density': [0.3], 'reps': [3], 'data_simulator': ['cdnod'], 'dag_simulator': ['er']}]
2022-05-11 10:52:00,614:INFO:1 total parameter dictionaries
2022-05-11 10:52:00,614:INFO:1 total parameter combinations
2022-05-11 10:52:00,614:INFO:Params 0 / 1
2022-05-11 12:49:35,930:INFO:NEW RUN:
2022-05-11 12:49:35,930:INFO:Args: Namespace(experiment='DEBUG', jobs=None)
2022-05-11 12:49:35,930:INFO:Experimental settings:
2022-05-11 12:49:35,930:INFO:[{'n_variables': [3], 'n_total_environments': [3], 'sparsity': [2], 'intervention_targets': [None], 'sample_size': [50], 'dag_density': [0.3], 'reps': [3], 'data_simulator': ['cdnod'], 'dag_simulator': ['er']}]
2022-05-11 12:49:35,930:INFO:1 total parameter dictionaries
2022-05-11 12:49:35,930:INFO:1 total parameter combinations
2022-05-11 12:49:35,930:INFO:Params 0 / 1
2022-05-11 12:49:43,007:INFO:NEW RUN:
2022-05-11 12:49:43,007:INFO:Args: Namespace(experiment='DEBUG', jobs=None)
2022-05-11 12:49:43,007:INFO:Experimental settings:
2022-05-11 12:49:43,007:INFO:[{'n_variables': [3], 'n_total_environments': [3], 'sparsity': [2], 'intervention_targets': [None], 'sample_size': [50], 'dag_density': [0.3], 'reps': [3], 'data_simulator': ['cdnod'], 'dag_simulator': ['er']}]
2022-05-11 12:49:43,007:INFO:1 total parameter dictionaries
2022-05-11 12:49:43,007:INFO:1 total parameter combinations
2022-05-11 12:49:43,007:INFO:Params 0 / 1
2022-05-11 12:49:51,346:INFO:NEW RUN:
2022-05-11 12:49:51,346:INFO:Args: Namespace(experiment='DEBUG', jobs=None)
2022-05-11 12:49:51,346:INFO:Experimental settings:
2022-05-11 12:49:51,346:INFO:[{'n_variables': [3], 'n_total_environments': [3], 'sparsity': [2], 'intervention_targets': [None], 'sample_size': [50], 'dag_density': [0.3], 'reps': [3], 'data_simulator': ['cdnod'], 'dag_simulator': ['er']}]
2022-05-11 12:49:51,346:INFO:1 total parameter dictionaries
2022-05-11 12:49:51,346:INFO:1 total parameter combinations
2022-05-11 12:49:51,346:INFO:Params 0 / 1
2022-05-11 12:51:42,085:INFO:NEW RUN:
2022-05-11 12:51:42,085:INFO:Args: Namespace(experiment='DEBUG', jobs=None)
2022-05-11 12:51:42,085:INFO:Experimental settings:
2022-05-11 12:51:42,085:INFO:[{'n_variables': [3], 'n_total_environments': [3], 'sparsity': [2], 'intervention_targets': [None], 'sample_size': [50], 'dag_density': [0.3], 'reps': [3], 'data_simulator': ['cdnod'], 'dag_simulator': ['er']}]
2022-05-11 12:51:42,086:INFO:1 total parameter dictionaries
2022-05-11 12:51:42,086:INFO:1 total parameter combinations
2022-05-11 12:51:42,086:INFO:Params 0 / 1
2022-05-11 12:53:25,154:INFO:NEW RUN:
2022-05-11 12:53:25,154:INFO:Args: Namespace(experiment='DEBUG', jobs=None)
2022-05-11 12:53:25,154:INFO:Experimental settings:
2022-05-11 12:53:25,154:INFO:[{'n_variables': [3], 'n_total_environments': [3], 'sparsity': [2], 'intervention_targets': [None], 'sample_size': [50], 'dag_density': [0.3], 'reps': [3], 'data_simulator': ['cdnod'], 'dag_simulator': ['er']}]
2022-05-11 12:53:25,154:INFO:1 total parameter dictionaries
2022-05-11 12:53:25,154:INFO:1 total parameter combinations
2022-05-11 12:53:25,155:INFO:Params 0 / 1
2022-05-11 12:53:34,970:INFO:NEW RUN:
2022-05-11 12:53:34,970:INFO:Args: Namespace(experiment='DEBUG', jobs=None)
2022-05-11 12:53:34,970:INFO:Experimental settings:
2022-05-11 12:53:34,970:INFO:[{'n_variables': [3], 'n_total_environments': [3], 'sparsity': [2], 'intervention_targets': [None], 'sample_size': [50], 'dag_density': [0.3], 'reps': [3], 'data_simulator': ['cdnod'], 'dag_simulator': ['er']}]
2022-05-11 12:53:34,970:INFO:1 total parameter dictionaries
2022-05-11 12:53:34,970:INFO:1 total parameter combinations
2022-05-11 12:53:34,970:INFO:Params 0 / 1
2022-05-11 12:53:49,047:INFO:NEW RUN:
2022-05-11 12:53:49,047:INFO:Args: Namespace(experiment='DEBUG', jobs=None)
2022-05-11 12:53:49,047:INFO:Experimental settings:
2022-05-11 12:53:49,047:INFO:[{'n_variables': [3], 'n_total_environments': [3], 'sparsity': [2], 'intervention_targets': [None], 'sample_size': [50], 'dag_density': [0.3], 'reps': [3], 'data_simulator': ['cdnod'], 'dag_simulator': ['er']}]
2022-05-11 12:53:49,047:INFO:1 total parameter dictionaries
2022-05-11 12:53:49,048:INFO:1 total parameter combinations
2022-05-11 12:53:49,048:INFO:Params 0 / 1
2022-05-11 12:53:58,960:INFO:NEW RUN:
2022-05-11 12:53:58,960:INFO:Args: Namespace(experiment='DEBUG', jobs=None)
2022-05-11 12:53:58,960:INFO:Experimental settings:
2022-05-11 12:53:58,960:INFO:[{'n_variables': [3], 'n_total_environments': [3], 'sparsity': [2], 'intervention_targets': [None], 'sample_size': [50], 'dag_density': [0.3], 'reps': [3], 'data_simulator': ['cdnod'], 'dag_simulator': ['er']}]
2022-05-11 12:53:58,961:INFO:1 total parameter dictionaries
2022-05-11 12:53:58,961:INFO:1 total parameter combinations
2022-05-11 12:53:58,961:INFO:Params 0 / 1
2022-05-12 01:50:02,401:INFO:NEW RUN:
2022-05-12 01:50:02,401:INFO:Args: Namespace(experiment='DEBUG', jobs=None)
2022-05-12 01:50:02,401:INFO:Experimental settings:
2022-05-12 01:50:02,401:INFO:[{'n_variables': [3], 'n_total_environments': [3], 'sparsity': [2], 'intervention_targets': [None], 'sample_size': [50], 'dag_density': [0.3], 'reps': [3], 'data_simulator': ['cdnod'], 'dag_simulator': ['er']}]
2022-05-12 01:50:02,401:INFO:1 total parameter dictionaries
2022-05-12 01:50:02,401:INFO:1 total parameter combinations
2022-05-12 01:50:02,401:INFO:Params 0 / 1
2022-05-12 01:50:46,285:INFO:NEW RUN:
2022-05-12 01:50:46,286:INFO:Args: Namespace(experiment='DEBUG', jobs=None)
2022-05-12 01:50:46,286:INFO:Experimental settings:
2022-05-12 01:50:46,286:INFO:[{'n_variables': [3], 'n_total_environments': [3], 'sparsity': [2], 'intervention_targets': [None], 'sample_size': [50], 'dag_density': [0.3], 'reps': [3], 'data_simulator': ['cdnod'], 'dag_simulator': ['er']}]
2022-05-12 01:50:46,286:INFO:1 total parameter dictionaries
2022-05-12 01:50:46,286:INFO:1 total parameter combinations
2022-05-12 01:50:46,286:INFO:Params 0 / 1
2022-05-12 01:50:52,968:INFO:Complete
2022-05-12 10:15:29,206:INFO:NEW RUN:
2022-05-12 10:15:29,206:INFO:Args: Namespace(experiment='DEBUG', jobs=None)
2022-05-12 10:15:29,206:INFO:Experimental settings:
2022-05-12 10:15:29,206:INFO:[{'n_variables': [3], 'n_total_environments': [3], 'sparsity': [2], 'intervention_targets': [None], 'sample_size': [50], 'dag_density': [0.3], 'reps': [3], 'data_simulator': ['cdnod'], 'dag_simulator': ['er']}]
2022-05-12 10:15:29,207:INFO:1 total parameter dictionaries
2022-05-12 10:15:29,207:INFO:1 total parameter combinations
2022-05-12 10:15:29,207:INFO:Params 0 / 1
2022-05-12 10:15:32,591:INFO:Complete
2022-05-12 10:54:33,437:INFO:NEW RUN:
2022-05-12 10:54:33,438:INFO:Args: Namespace(experiment='DEBUG', jobs=None)
2022-05-12 10:54:33,438:INFO:Experimental settings:
2022-05-12 10:54:33,438:INFO:[{'n_variables': [3], 'n_total_environments': [3], 'sparsity': [2], 'intervention_targets': [None], 'sample_size': [50], 'dag_density': [0.3], 'reps': [3], 'data_simulator': ['cdnod'], 'dag_simulator': ['er']}]
2022-05-12 10:54:33,439:INFO:1 total parameter dictionaries
2022-05-12 10:54:33,439:INFO:1 total parameter combinations
2022-05-12 10:54:33,439:INFO:Params 0 / 1
2022-05-12 10:54:37,674:INFO:Complete
2022-05-12 10:58:31,184:INFO:NEW RUN:
2022-05-12 10:58:31,185:INFO:Args: Namespace(experiment='DEBUG', jobs=None)
2022-05-12 10:58:31,185:INFO:Experimental settings:
2022-05-12 10:58:31,185:INFO:[{'n_variables': [3], 'n_total_environments': [3], 'sparsity': [2], 'intervention_targets': [None], 'sample_size': [50], 'dag_density': [0.3], 'reps': [3], 'data_simulator': ['cdnod'], 'dag_simulator': ['er']}]
2022-05-12 10:58:31,185:INFO:1 total parameter dictionaries
2022-05-12 10:58:31,185:INFO:1 total parameter combinations
2022-05-12 10:58:31,185:INFO:Params 0 / 1
2022-05-12 10:58:35,276:INFO:Complete
2022-05-12 11:09:44,021:INFO:NEW RUN:
2022-05-12 11:09:44,021:INFO:Args: Namespace(experiment='DEBUG', jobs=None)
2022-05-12 11:09:44,021:INFO:Experimental settings:
2022-05-12 11:09:44,021:INFO:[{'n_variables': [3], 'n_total_environments': [3], 'sparsity': [2], 'intervention_targets': [None], 'sample_size': [50], 'dag_density': [0.3], 'reps': [3], 'data_simulator': ['cdnod'], 'dag_simulator': ['er']}]
2022-05-12 11:09:44,022:INFO:1 total parameter dictionaries
2022-05-12 11:09:44,022:INFO:1 total parameter combinations
2022-05-12 11:09:44,022:INFO:Params 0 / 1
2022-05-12 11:10:07,377:INFO:NEW RUN:
2022-05-12 11:10:07,377:INFO:Args: Namespace(experiment='DEBUG', jobs=None)
2022-05-12 11:10:07,377:INFO:Experimental settings:
2022-05-12 11:10:07,377:INFO:[{'n_variables': [3], 'n_total_environments': [3], 'sparsity': [2], 'intervention_targets': [None], 'sample_size': [50], 'dag_density': [0.3], 'reps': [3], 'data_simulator': ['cdnod'], 'dag_simulator': ['er']}]
2022-05-12 11:10:07,377:INFO:1 total parameter dictionaries
2022-05-12 11:10:07,377:INFO:1 total parameter combinations
2022-05-12 11:10:07,377:INFO:Params 0 / 1
2022-05-12 11:10:11,450:INFO:Complete
2022-05-12 11:19:08,096:INFO:NEW RUN:
2022-05-12 11:19:08,097:INFO:Args: Namespace(experiment='DEBUG', jobs=-2)
2022-05-12 11:19:08,097:INFO:Experimental settings:
2022-05-12 11:19:08,097:INFO:[{'n_variables': [3], 'n_total_environments': [3], 'sparsity': [1], 'intervention_targets': [None], 'sample_size': [200], 'dag_density': [0.3], 'reps': [20], 'data_simulator': ['cdnod'], 'dag_simulator': ['er']}]
2022-05-12 11:19:08,097:INFO:1 total parameter dictionaries
2022-05-12 11:19:08,097:INFO:1 total parameter combinations
2022-05-12 11:19:08,097:INFO:Params 0 / 1
2022-05-12 11:19:41,563:INFO:Complete
2022-05-12 11:21:34,709:INFO:NEW RUN:
2022-05-12 11:21:34,709:INFO:Args: Namespace(experiment='DEBUG', jobs=-2)
2022-05-12 11:21:34,709:INFO:Experimental settings:
2022-05-12 11:21:34,709:INFO:[{'n_variables': [3], 'n_total_environments': [5], 'sparsity': [1], 'intervention_targets': [None], 'sample_size': [200], 'dag_density': [0.3], 'reps': [20], 'data_simulator': ['cdnod'], 'dag_simulator': ['er']}]
2022-05-12 11:21:34,709:INFO:1 total parameter dictionaries
2022-05-12 11:21:34,709:INFO:1 total parameter combinations
2022-05-12 11:21:34,709:INFO:Params 0 / 1
2022-05-12 11:24:23,612:INFO:Complete
2022-05-12 11:26:39,818:INFO:NEW RUN:
2022-05-12 11:26:39,818:INFO:Args: Namespace(experiment='DEBUG', jobs=-2)
2022-05-12 11:26:39,818:INFO:Experimental settings:
2022-05-12 11:26:39,819:INFO:[{'n_variables': [3], 'n_total_environments': [2], 'sparsity': [1], 'intervention_targets': [None], 'sample_size': [200], 'dag_density': [0.3], 'reps': [100], 'data_simulator': ['cdnod'], 'dag_simulator': ['er']}]
2022-05-12 11:26:39,819:INFO:1 total parameter dictionaries
2022-05-12 11:26:39,819:INFO:1 total parameter combinations
2022-05-12 11:26:39,819:INFO:Params 0 / 1
2022-05-12 11:27:19,389:INFO:Complete
2022-05-12 11:29:46,512:INFO:NEW RUN:
2022-05-12 11:29:46,513:INFO:Args: Namespace(experiment='DEBUG', jobs=-2)
2022-05-12 11:29:46,513:INFO:Experimental settings:
2022-05-12 11:29:46,513:INFO:[{'n_variables': [3], 'n_total_environments': [3], 'sparsity': [1], 'intervention_targets': [None], 'sample_size': [200], 'dag_density': [0.3], 'reps': [100], 'data_simulator': ['cdnod'], 'dag_simulator': ['er']}]
2022-05-12 11:29:46,513:INFO:1 total parameter dictionaries
2022-05-12 11:29:46,513:INFO:1 total parameter combinations
2022-05-12 11:29:46,513:INFO:Params 0 / 1
2022-05-12 11:31:56,030:INFO:Complete
2022-05-12 11:33:06,917:INFO:NEW RUN:
2022-05-12 11:33:06,917:INFO:Args: Namespace(experiment='DEBUG', jobs=-2)
2022-05-12 11:33:06,917:INFO:Experimental settings:
2022-05-12 11:33:06,917:INFO:[{'n_variables': [3], 'n_total_environments': [2], 'sparsity': [1], 'intervention_targets': [None], 'sample_size': [200], 'dag_density': [0.3], 'reps': [100], 'data_simulator': ['cdnod'], 'dag_simulator': ['er']}]
2022-05-12 11:33:06,917:INFO:1 total parameter dictionaries
2022-05-12 11:33:06,918:INFO:1 total parameter combinations
2022-05-12 11:33:06,918:INFO:Params 0 / 1
2022-05-12 11:33:47,139:INFO:Complete
2022-05-12 06:38:11,968:INFO:NEW RUN:
2022-05-12 06:38:11,968:INFO:Args: Namespace(experiment='DEBUG', jobs=None)
2022-05-12 06:38:11,968:INFO:Experimental settings:
2022-05-12 06:38:11,968:INFO:[{'n_variables': [3], 'n_total_environments': [3], 'sparsity': [1], 'intervention_targets': [None], 'sample_size': [100], 'dag_density': [0.3], 'reps': [20], 'data_simulator': ['cdnod'], 'dag_simulator': ['er']}]
2022-05-12 06:38:11,968:INFO:1 total parameter dictionaries
2022-05-12 06:38:11,968:INFO:1 total parameter combinations
2022-05-12 06:38:11,968:INFO:Params 0 / 1
2022-05-12 06:41:30,704:INFO:NEW RUN:
2022-05-12 06:41:30,704:INFO:Args: Namespace(experiment='pairwise_power', jobs=-2)
2022-05-12 06:41:30,704:INFO:Experimental settings:
2022-05-12 06:41:30,704:INFO:[{'n_variables': [6], 'n_total_environments': [5], 'sparsity': [1, 2, 3, 4, 5], 'intervention_targets': [None], 'sample_size': [300], 'dag_density': [0.3], 'reps': [20], 'data_simulator': ['cdnod'], 'dag_simulator': ['er']}, {'n_variables': [6], 'n_total_environments': [5], 'sparsity': [0.3333333333333333], 'intervention_targets': [None], 'sample_size': [300], 'dag_density': [0.3, 0.5, 0.7], 'reps': [20], 'data_simulator': ['cdnod'], 'dag_simulator': ['er']}, {'n_variables': [3, 6, 9, 12], 'n_total_environments': [5], 'sparsity': [0.3333333333333333], 'intervention_targets': [None], 'sample_size': [300], 'dag_density': [0.3], 'reps': [20], 'data_simulator': ['cdnod'], 'dag_simulator': ['er']}, {'n_variables': [6], 'n_total_environments': [5], 'sparsity': [2], 'intervention_targets': [None], 'sample_size': [50, 100, 300, 500, 1000], 'dag_density': [0.3], 'reps': [10], 'data_simulator': ['cdnod'], 'dag_simulator': ['er']}, {'n_variables': [6], 'n_total_environments': [15], 'sparsity': [2], 'intervention_targets': [None], 'sample_size': [300], 'dag_density': [0.3], 'reps': [10], 'data_simulator': ['cdnod'], 'dag_simulator': ['er']}]
2022-05-12 06:41:30,705:INFO:5 total parameter dictionaries
2022-05-12 06:41:30,705:INFO:5 total parameter combinations
2022-05-12 06:41:30,705:INFO:Params 0 / 5
2022-05-12 06:42:04,059:INFO:Params 1 / 5
2022-05-12 06:42:37,083:INFO:Params 2 / 5
2022-05-12 06:43:10,011:INFO:Params 3 / 5
2022-05-12 06:43:40,770:INFO:Params 4 / 5
2022-05-12 06:44:11,300:INFO:3 total parameter combinations
2022-05-12 06:44:11,300:INFO:Params 0 / 3
2022-05-12 06:44:41,607:INFO:Params 1 / 3
2022-05-12 06:46:02,860:INFO:Params 2 / 3
2022-05-12 06:48:41,873:INFO:4 total parameter combinations
2022-05-12 06:48:41,874:INFO:Params 0 / 4
2022-05-12 06:48:57,979:INFO:Params 1 / 4
2022-05-12 06:49:28,331:INFO:Params 2 / 4
2022-05-12 06:50:17,602:INFO:Params 3 / 4
2022-05-12 06:51:06,496:INFO:5 total parameter combinations
2022-05-12 06:51:06,496:INFO:Params 0 / 5
2022-05-12 06:51:30,130:INFO:Params 1 / 5
2022-05-12 06:51:54,548:INFO:Params 2 / 5
2022-05-12 06:52:24,841:INFO:Params 3 / 5
2022-05-12 06:53:06,773:INFO:Params 4 / 5
2022-05-12 06:54:38,269:INFO:1 total parameter combinations
2022-05-12 06:54:38,269:INFO:Params 0 / 1
2022-05-12 07:00:00,011:INFO:Complete
2022-05-12 18:27:27,124:INFO:NEW RUN:
2022-05-12 18:27:27,124:INFO:Args: Namespace(experiment='pairwise_power', jobs=-2)
2022-05-12 18:27:27,124:INFO:Experimental settings:
2022-05-12 18:27:27,124:INFO:[{'n_variables': [6], 'n_total_environments': [5], 'sparsity': [1, 2, 3, 4, 5], 'intervention_targets': [None], 'sample_size': [300], 'dag_density': [0.3], 'reps': [20], 'data_simulator': ['cdnod'], 'dag_simulator': ['er']}, {'n_variables': [6], 'n_total_environments': [5], 'sparsity': [0.3333333333333333], 'intervention_targets': [None], 'sample_size': [300], 'dag_density': [0.3, 0.5, 0.7], 'reps': [20], 'data_simulator': ['cdnod'], 'dag_simulator': ['er']}, {'n_variables': [3, 6, 9, 12], 'n_total_environments': [5], 'sparsity': [0.3333333333333333], 'intervention_targets': [None], 'sample_size': [300], 'dag_density': [0.3], 'reps': [20], 'data_simulator': ['cdnod'], 'dag_simulator': ['er']}, {'n_variables': [6], 'n_total_environments': [5], 'sparsity': [2], 'intervention_targets': [None], 'sample_size': [50, 100, 300, 500, 1000], 'dag_density': [0.3], 'reps': [10], 'data_simulator': ['cdnod'], 'dag_simulator': ['er']}, {'n_variables': [6], 'n_total_environments': [15], 'sparsity': [2], 'intervention_targets': [None], 'sample_size': [300], 'dag_density': [0.3], 'reps': [10], 'data_simulator': ['cdnod'], 'dag_simulator': ['er']}]
2022-05-12 18:27:27,124:INFO:5 total parameter dictionaries
2022-05-12 18:27:27,125:INFO:5 total parameter combinations
2022-05-12 18:27:27,125:INFO:Params 0 / 5
2022-05-12 18:33:29,573:INFO:Params 1 / 5
2022-05-12 18:35:02,386:INFO:NEW RUN:
2022-05-12 18:35:02,386:INFO:Args: Namespace(experiment='pairwise_power', jobs=-2)
2022-05-12 18:35:02,387:INFO:Experimental settings:
2022-05-12 18:35:02,387:INFO:[{'n_variables': [6], 'n_total_environments': [3], 'sparsity': [1, 2, 3, 4, 5], 'intervention_targets': [None], 'sample_size': [200], 'dag_density': [0.3], 'reps': [10], 'data_simulator': ['cdnod'], 'dag_simulator': ['er']}, {'n_variables': [6], 'n_total_environments': [3], 'sparsity': [0.3333333333333333], 'intervention_targets': [None], 'sample_size': [200], 'dag_density': [0.3, 0.5, 0.7], 'reps': [10], 'data_simulator': ['cdnod'], 'dag_simulator': ['er']}, {'n_variables': [3, 6, 9, 12], 'n_total_environments': [3], 'sparsity': [0.3333333333333333], 'intervention_targets': [None], 'sample_size': [200], 'dag_density': [0.3], 'reps': [10], 'data_simulator': ['cdnod'], 'dag_simulator': ['er']}, {'n_variables': [6], 'n_total_environments': [3], 'sparsity': [0.3333333333333333], 'intervention_targets': [None], 'sample_size': [50, 100, 200, 500, 1000], 'dag_density': [0.3], 'reps': [5], 'data_simulator': ['cdnod'], 'dag_simulator': ['er']}, {'n_variables': [6], 'n_total_environments': [15], 'sparsity': [0.3333333333333333], 'intervention_targets': [None], 'sample_size': [200], 'dag_density': [0.3], 'reps': [5], 'data_simulator': ['cdnod'], 'dag_simulator': ['er']}]
2022-05-12 18:35:02,387:INFO:5 total parameter dictionaries
2022-05-12 18:35:02,387:INFO:5 total parameter combinations
2022-05-12 18:35:02,387:INFO:Params 0 / 5
2022-05-12 18:35:42,738:INFO:NEW RUN:
2022-05-12 18:35:42,738:INFO:Args: Namespace(experiment='pairwise_power', jobs=10)
2022-05-12 18:35:42,738:INFO:Experimental settings:
2022-05-12 18:35:42,739:INFO:[{'n_variables': [6], 'n_total_environments': [3], 'sparsity': [1, 2, 3, 4, 5], 'intervention_targets': [None], 'sample_size': [200], 'dag_density': [0.3], 'reps': [10], 'data_simulator': ['cdnod'], 'dag_simulator': ['er']}, {'n_variables': [6], 'n_total_environments': [3], 'sparsity': [0.3333333333333333], 'intervention_targets': [None], 'sample_size': [200], 'dag_density': [0.3, 0.5, 0.7], 'reps': [10], 'data_simulator': ['cdnod'], 'dag_simulator': ['er']}, {'n_variables': [3, 6, 9, 12], 'n_total_environments': [3], 'sparsity': [0.3333333333333333], 'intervention_targets': [None], 'sample_size': [200], 'dag_density': [0.3], 'reps': [10], 'data_simulator': ['cdnod'], 'dag_simulator': ['er']}, {'n_variables': [6], 'n_total_environments': [3], 'sparsity': [0.3333333333333333], 'intervention_targets': [None], 'sample_size': [50, 100, 200, 500, 1000], 'dag_density': [0.3], 'reps': [5], 'data_simulator': ['cdnod'], 'dag_simulator': ['er']}, {'n_variables': [6], 'n_total_environments': [15], 'sparsity': [0.3333333333333333], 'intervention_targets': [None], 'sample_size': [200], 'dag_density': [0.3], 'reps': [5], 'data_simulator': ['cdnod'], 'dag_simulator': ['er']}]
2022-05-12 18:35:42,739:INFO:5 total parameter dictionaries
2022-05-12 18:35:42,739:INFO:5 total parameter combinations
2022-05-12 18:35:42,739:INFO:Params 0 / 5
2022-05-12 18:36:18,128:INFO:Params 1 / 5
2022-05-12 18:36:49,820:INFO:Params 2 / 5
2022-05-12 18:37:22,492:INFO:Params 3 / 5
2022-05-12 18:37:54,453:INFO:Params 4 / 5
2022-05-12 18:38:27,674:INFO:3 total parameter combinations
2022-05-12 18:38:27,675:INFO:Params 0 / 3
2022-05-12 18:39:00,495:INFO:Params 1 / 3
2022-05-12 18:40:05,988:INFO:Params 2 / 3
2022-05-12 18:41:06,417:INFO:4 total parameter combinations
2022-05-12 18:41:06,417:INFO:Params 0 / 4
2022-05-12 18:41:23,350:INFO:Params 1 / 4
2022-05-12 18:41:55,356:INFO:Params 2 / 4
2022-05-12 18:42:50,975:INFO:Params 3 / 4
2022-05-12 18:43:42,201:INFO:5 total parameter combinations
2022-05-12 18:43:42,201:INFO:Params 0 / 5
2022-05-12 18:43:57,783:INFO:Params 1 / 5
2022-05-12 18:44:16,342:INFO:Params 2 / 5
2022-05-12 18:44:47,210:INFO:Params 3 / 5
2022-05-12 18:47:19,486:INFO:Params 4 / 5
2022-05-12 19:01:55,392:INFO:1 total parameter combinations
2022-05-12 19:01:55,392:INFO:Params 0 / 1
2022-05-12 19:41:44,997:INFO:Complete
2022-05-13 18:58:05,302:INFO:NEW RUN:
2022-05-13 18:58:05,302:INFO:Args: Namespace(experiment='pairwise_power', jobs=20)
2022-05-13 18:58:05,302:INFO:Experimental settings:
2022-05-13 18:58:05,302:INFO:[{'n_variables': [6], 'n_total_environments': [5], 'sparsity': [1, 2, 3, 4, 5], 'intervention_targets': [None], 'sample_size': [500], 'dag_density': [0.3], 'reps': [20], 'data_simulator': ['cdnod'], 'dag_simulator': ['er']}, {'n_variables': [6], 'n_total_environments': [5], 'sparsity': [0.3333333333333333], 'intervention_targets': [None], 'sample_size': [500], 'dag_density': [0.3, 0.5, 0.7], 'reps': [20], 'data_simulator': ['cdnod'], 'dag_simulator': ['er']}, {'n_variables': [3, 6, 9, 12], 'n_total_environments': [5], 'sparsity': [0.3333333333333333], 'intervention_targets': [None], 'sample_size': [500], 'dag_density': [0.3], 'reps': [20], 'data_simulator': ['cdnod'], 'dag_simulator': ['er']}, {'n_variables': [6], 'n_total_environments': [5], 'sparsity': [0.3333333333333333], 'intervention_targets': [None], 'sample_size': [50, 100, 200, 500, 1000], 'dag_density': [0.3], 'reps': [10], 'data_simulator': ['cdnod'], 'dag_simulator': ['er']}, {'n_variables': [6], 'n_total_environments': [15], 'sparsity': [0.3333333333333333], 'intervention_targets': [None], 'sample_size': [500], 'dag_density': [0.3], 'reps': [10], 'data_simulator': ['cdnod'], 'dag_simulator': ['er']}]
2022-05-13 18:58:05,302:INFO:5 total parameter dictionaries
2022-05-13 18:58:05,302:INFO:5 total parameter combinations
2022-05-13 18:58:05,302:INFO:Params 0 / 5
2022-05-13 19:17:54,994:INFO:Params 1 / 5
2022-05-13 19:37:46,131:INFO:Params 2 / 5
2022-05-13 19:57:47,477:INFO:Params 3 / 5
2022-05-13 20:17:29,372:INFO:Params 4 / 5
2022-05-13 20:37:43,850:INFO:3 total parameter combinations
2022-05-13 20:37:43,850:INFO:Params 0 / 3
2022-05-13 20:57:40,095:INFO:Params 1 / 3
2022-05-13 21:42:47,692:INFO:Params 2 / 3
2022-05-14 03:24:38,450:INFO:NEW RUN:
2022-05-14 03:24:38,450:INFO:Args: Namespace(experiment='pairwise_power', jobs=10)
2022-05-14 03:24:38,450:INFO:Experimental settings:
2022-05-14 03:24:38,450:INFO:[{'n_variables': [6], 'n_total_environments': [3], 'sparsity': [1, 2, 3, 4, 5], 'intervention_targets': [None], 'sample_size': [500], 'dag_density': [0.3], 'reps': [50], 'data_simulator': ['cdnod'], 'dag_simulator': ['er']}, {'n_variables': [6], 'n_total_environments': [3], 'sparsity': [0.3333333333333333], 'intervention_targets': [None], 'sample_size': [500], 'dag_density': [0.3, 0.5, 0.7], 'reps': [50], 'data_simulator': ['cdnod'], 'dag_simulator': ['er']}, {'n_variables': [3, 6, 9, 12], 'n_total_environments': [3], 'sparsity': [0.3333333333333333], 'intervention_targets': [None], 'sample_size': [500], 'dag_density': [0.3], 'reps': [50], 'data_simulator': ['cdnod'], 'dag_simulator': ['er']}, {'n_variables': [6], 'n_total_environments': [3], 'sparsity': [0.3333333333333333], 'intervention_targets': [None], 'sample_size': [50, 100, 200, 500, 1000], 'dag_density': [0.3], 'reps': [10], 'data_simulator': ['cdnod'], 'dag_simulator': ['er']}, {'n_variables': [6], 'n_total_environments': [15], 'sparsity': [0.3333333333333333], 'intervention_targets': [None], 'sample_size': [500], 'dag_density': [0.3], 'reps': [10], 'data_simulator': ['cdnod'], 'dag_simulator': ['er']}]
2022-05-14 03:24:38,451:INFO:5 total parameter dictionaries
2022-05-14 03:24:38,451:INFO:5 total parameter combinations
2022-05-14 03:24:38,451:INFO:Params 0 / 5
2022-05-14 03:33:57,393:INFO:Params 1 / 5
2022-05-14 03:43:02,944:INFO:Params 2 / 5
2022-05-14 03:52:13,756:INFO:Params 3 / 5
2022-05-14 04:01:26,893:INFO:Params 4 / 5
2022-05-14 04:10:45,312:INFO:3 total parameter combinations
2022-05-14 04:10:45,312:INFO:Params 0 / 3
2022-05-14 04:19:52,766:INFO:Params 1 / 3
2022-05-14 04:34:36,005:INFO:Params 2 / 3
2022-05-14 04:56:05,885:INFO:4 total parameter combinations
2022-05-14 04:56:05,885:INFO:Params 0 / 4
2022-05-14 05:00:26,458:INFO:Params 1 / 4
2022-05-14 05:09:49,804:INFO:Params 2 / 4
2022-05-14 05:25:11,586:INFO:Params 3 / 4
2022-05-14 05:43:31,751:INFO:5 total parameter combinations
2022-05-14 05:43:31,751:INFO:Params 0 / 5
2022-05-14 05:43:47,541:INFO:Params 1 / 5
2022-05-14 05:44:06,024:INFO:Params 2 / 5
2022-05-14 05:44:39,033:INFO:Params 3 / 5
2022-05-14 05:47:28,836:INFO:Params 4 / 5
2022-05-14 06:07:08,788:INFO:1 total parameter combinations
2022-05-14 06:07:08,788:INFO:Params 0 / 1
2022-05-14 15:46:51,123:INFO:Complete
2022-05-16 18:52:59,484:INFO:NEW RUN:
2022-05-16 18:52:59,484:INFO:Args: Namespace(experiment='pairwise_power', jobs=10)
2022-05-16 18:52:59,484:INFO:Experimental settings:
2022-05-16 18:52:59,484:INFO:[{'n_variables': [6], 'n_total_environments': [3], 'sparsity': [0.3333333333333333], 'intervention_targets': [None], 'sample_size': [50, 100, 200, 500, 1000, 2000], 'dag_density': [0.3], 'reps': [40], 'data_simulator': ['cdnod'], 'dag_simulator': ['er']}]
2022-05-16 18:52:59,485:INFO:1 total parameter dictionaries
2022-05-16 18:52:59,485:INFO:6 total parameter combinations
2022-05-16 18:52:59,485:INFO:Params 0 / 6
2022-05-16 18:53:16,328:INFO:NEW RUN:
2022-05-16 18:53:16,328:INFO:Args: Namespace(experiment='pairwise_power', jobs=10)
2022-05-16 18:53:16,328:INFO:Experimental settings:
2022-05-16 18:53:16,328:INFO:[{'n_variables': [6], 'n_total_environments': [3], 'sparsity': [0.3333333333333333], 'intervention_targets': [None], 'sample_size': [50, 100, 200, 500, 1000, 2000], 'dag_density': [0.3], 'reps': [40], 'data_simulator': ['cdnod'], 'dag_simulator': ['er']}]
2022-05-16 18:53:16,328:INFO:1 total parameter dictionaries
2022-05-16 18:53:16,328:INFO:6 total parameter combinations
2022-05-16 18:53:16,328:INFO:Params 0 / 6
2022-05-16 18:54:39,718:INFO:NEW RUN:
2022-05-16 18:54:39,718:INFO:Args: Namespace(experiment='pairwise_power', jobs=10)
2022-05-16 18:54:39,718:INFO:Experimental settings:
2022-05-16 18:54:39,718:INFO:[{'n_variables': [6], 'n_total_environments': [3], 'sparsity': [0.3333333333333333], 'intervention_targets': [None], 'sample_size': [50, 100, 200, 500, 1000, 2000], 'dag_density': [0.3], 'reps': [40], 'data_simulator': ['cdnod'], 'dag_simulator': ['er']}]
2022-05-16 18:54:39,718:INFO:1 total parameter dictionaries
2022-05-16 18:54:39,718:INFO:6 total parameter combinations
2022-05-16 18:54:39,718:INFO:Params 0 / 6
2022-05-16 18:55:11,766:INFO:Params 1 / 6
2022-05-16 18:55:50,507:INFO:Params 2 / 6
2022-05-16 18:57:47,562:INFO:NEW RUN:
2022-05-16 18:57:47,562:INFO:Args: Namespace(experiment='pairwise_power', jobs=10)
2022-05-16 18:57:47,562:INFO:Experimental settings:
2022-05-16 18:57:47,562:INFO:[{'n_variables': [6], 'n_total_environments': [3], 'sparsity': [0.3333333333333333], 'intervention_targets': [None], 'sample_size': [50, 100, 200, 500, 1000, 2000], 'dag_density': [0.3], 'reps': [40], 'data_simulator': ['cdnod'], 'dag_simulator': ['er']}]
2022-05-16 18:57:47,562:INFO:1 total parameter dictionaries
2022-05-16 18:57:47,562:INFO:6 total parameter combinations
2022-05-16 18:57:47,562:INFO:Params 0 / 6
2022-05-16 18:58:20,076:INFO:Params 1 / 6
2022-05-16 18:58:57,812:INFO:Params 2 / 6
2022-05-16 19:00:11,442:INFO:Params 3 / 6
2022-05-16 19:07:43,831:INFO:Params 4 / 6
2022-05-16 20:03:46,208:INFO:Params 5 / 6
2022-05-17 03:33:46,129:INFO:Complete
2022-05-18 02:40:37,260:INFO:NEW RUN:
2022-05-18 02:40:37,260:INFO:Args: Namespace(experiment='pairwise_power', jobs=10)
2022-05-18 02:40:37,260:INFO:Experimental settings:
2022-05-18 02:40:37,260:INFO:[{'n_variables': [6], 'n_total_environments': [15], 'sparsity': [0.3333333333333333], 'intervention_targets': [None], 'sample_size': [500], 'dag_density': [0.3], 'reps': [20], 'data_simulator': ['cdnod'], 'dag_simulator': ['er']}]
2022-05-18 02:40:37,260:INFO:1 total parameter dictionaries
2022-05-18 02:40:37,260:INFO:1 total parameter combinations
2022-05-18 02:40:37,260:INFO:Params 0 / 1
2022-05-18 20:50:36,489:INFO:Complete
2022-05-23 09:13:31,701:INFO:NEW RUN:
2022-05-23 09:13:31,701:INFO:Args: Namespace(experiment='bivariate_power', jobs=10)
2022-05-23 09:13:31,701:INFO:Experimental settings:
2022-05-23 09:13:31,701:INFO:[{'n_variables': [2], 'n_total_environments': [2], 'sparsity': [None], 'intervention_targets': [[[], [0]], [[], [1]], [[], []], [[], [0, 1]]], 'sample_size': [500], 'dag_density': [None], 'reps': [50], 'data_simulator': ['cdnod'], 'dag_simulator': ['complete']}]
2022-05-23 09:13:31,701:INFO:1 total parameter dictionaries
2022-05-23 09:13:31,701:INFO:4 total parameter combinations
2022-05-23 09:13:31,701:INFO:Params 0 / 4
2022-05-23 09:14:25,485:INFO:Params 1 / 4
2022-05-23 09:15:17,930:INFO:Params 2 / 4
2022-05-23 09:16:09,293:INFO:Params 3 / 4
2022-05-23 09:16:59,386:INFO:Complete
2022-05-23 11:00:35,812:INFO:NEW RUN:
2022-05-23 11:00:35,812:INFO:Args: Namespace(experiment='oracle_rates', jobs=10)
2022-05-23 11:00:35,812:INFO:Experimental settings:
2022-05-23 11:00:35,812:INFO:[{'n_variables': [4, 6, 8, 10, 12], 'n_total_environments': [5], 'sparsity': [0.2, 0.3333333333333333, 0.5, 0.6666666666666666, 0.8], 'intervention_targets': [None], 'sample_size': [None], 'dag_density': [0.1, 0.3, 0.5, 0.7, 0.9], 'reps': [50], 'data_simulator': [None], 'dag_simulator': ['er']}]
2022-05-23 11:00:35,812:INFO:1 total parameter dictionaries
2022-05-23 11:00:35,813:INFO:125 total parameter combinations
2022-05-23 11:00:35,813:INFO:Params 0 / 125
2022-05-23 11:00:37,968:INFO:Params 1 / 125
2022-05-23 11:00:38,089:INFO:Params 2 / 125
2022-05-23 11:00:38,224:INFO:Params 3 / 125
2022-05-23 11:00:38,356:INFO:Params 4 / 125
2022-05-23 11:00:38,501:INFO:Params 5 / 125
2022-05-23 11:00:38,633:INFO:Params 6 / 125
2022-05-23 11:00:38,762:INFO:Params 7 / 125
2022-05-23 11:00:38,893:INFO:Params 8 / 125
2022-05-23 11:00:39,035:INFO:Params 9 / 125
2022-05-23 11:00:39,205:INFO:Params 10 / 125
2022-05-23 11:00:39,355:INFO:Params 11 / 125
2022-05-23 11:00:39,505:INFO:Params 12 / 125
2022-05-23 11:00:39,662:INFO:Params 13 / 125
2022-05-23 11:00:39,822:INFO:Params 14 / 125
2022-05-23 11:00:39,991:INFO:Params 15 / 125
2022-05-23 11:00:40,164:INFO:Params 16 / 125
2022-05-23 11:00:40,342:INFO:Params 17 / 125
2022-05-23 11:00:40,520:INFO:Params 18 / 125
2022-05-23 11:00:40,708:INFO:Params 19 / 125
2022-05-23 11:00:40,909:INFO:Params 20 / 125
2022-05-23 11:00:41,098:INFO:Params 21 / 125
2022-05-23 11:00:41,292:INFO:Params 22 / 125
2022-05-23 11:00:41,484:INFO:Params 23 / 125
2022-05-23 11:00:41,696:INFO:Params 24 / 125
2022-05-23 11:00:41,939:INFO:Params 25 / 125
2022-05-23 11:00:42,158:INFO:Params 26 / 125
2022-05-23 11:00:42,386:INFO:Params 27 / 125
2022-05-23 11:00:42,699:INFO:Params 28 / 125
2022-05-23 11:00:43,009:INFO:Params 29 / 125
2022-05-23 11:00:44,040:INFO:Params 30 / 125
2022-05-23 11:00:44,369:INFO:Params 31 / 125
2022-05-23 11:00:44,704:INFO:Params 32 / 125
2022-05-23 11:00:45,051:INFO:Params 33 / 125
2022-05-23 11:00:45,408:INFO:Params 34 / 125
2022-05-23 11:00:46,603:INFO:Params 35 / 125
2022-05-23 11:00:46,978:INFO:Params 36 / 125
2022-05-23 11:00:47,370:INFO:Params 37 / 125
2022-05-23 11:00:47,775:INFO:Params 38 / 125
2022-05-23 11:00:48,183:INFO:Params 39 / 125
2022-05-23 11:00:49,545:INFO:Params 40 / 125
2022-05-23 11:00:55,076:INFO:NEW RUN:
2022-05-23 11:00:55,076:INFO:Args: Namespace(experiment='oracle_rates', jobs=10)
2022-05-23 11:00:55,076:INFO:Experimental settings:
2022-05-23 11:00:55,076:INFO:[{'n_variables': [4, 6, 8, 10, 12], 'n_total_environments': [5], 'sparsity': [0.2, 0.3333333333333333, 0.5, 0.6666666666666666, 0.8], 'intervention_targets': [None], 'sample_size': [None], 'dag_density': [0.1, 0.3, 0.5, 0.7, 0.9], 'reps': [20], 'data_simulator': [None], 'dag_simulator': ['er']}]
2022-05-23 11:00:55,077:INFO:1 total parameter dictionaries
2022-05-23 11:00:55,077:INFO:125 total parameter combinations
2022-05-23 11:00:55,077:INFO:Params 0 / 125
2022-05-23 11:00:57,166:INFO:Params 1 / 125
2022-05-23 11:00:57,232:INFO:Params 2 / 125
2022-05-23 11:00:57,297:INFO:Params 3 / 125
2022-05-23 11:00:57,368:INFO:Params 4 / 125
2022-05-23 11:00:57,445:INFO:Params 5 / 125
2022-05-23 11:00:57,526:INFO:Params 6 / 125
2022-05-23 11:00:57,595:INFO:Params 7 / 125
2022-05-23 11:00:57,671:INFO:Params 8 / 125
2022-05-23 11:00:57,746:INFO:Params 9 / 125
2022-05-23 11:00:57,820:INFO:Params 10 / 125
2022-05-23 11:00:57,895:INFO:Params 11 / 125
2022-05-23 11:00:57,969:INFO:Params 12 / 125
2022-05-23 11:00:58,044:INFO:Params 13 / 125
2022-05-23 11:00:58,126:INFO:Params 14 / 125
2022-05-23 11:00:58,206:INFO:Params 15 / 125
2022-05-23 11:00:58,282:INFO:Params 16 / 125
2022-05-23 11:00:58,358:INFO:Params 17 / 125
2022-05-23 11:00:58,438:INFO:Params 18 / 125
2022-05-23 11:00:58,534:INFO:Params 19 / 125
2022-05-23 11:00:58,619:INFO:Params 20 / 125
2022-05-23 11:00:58,696:INFO:Params 21 / 125
2022-05-23 11:00:58,790:INFO:Params 22 / 125
2022-05-23 11:00:58,870:INFO:Params 23 / 125
2022-05-23 11:00:58,950:INFO:Params 24 / 125
2022-05-23 11:00:59,034:INFO:Params 25 / 125
2022-05-23 11:00:59,120:INFO:Params 26 / 125
2022-05-23 11:00:59,200:INFO:Params 27 / 125
2022-05-23 11:00:59,304:INFO:Params 28 / 125
2022-05-23 11:00:59,449:INFO:Params 29 / 125
2022-05-23 11:00:59,892:INFO:Params 30 / 125
2022-05-23 11:00:59,980:INFO:Params 31 / 125
2022-05-23 11:01:00,074:INFO:Params 32 / 125
2022-05-23 11:01:00,190:INFO:Params 33 / 125
2022-05-23 11:01:00,337:INFO:Params 34 / 125
2022-05-23 11:01:00,992:INFO:Params 35 / 125
2022-05-23 11:01:01,091:INFO:Params 36 / 125
2022-05-23 11:01:01,187:INFO:Params 37 / 125
2022-05-23 11:01:01,314:INFO:Params 38 / 125
2022-05-23 11:01:01,493:INFO:Params 39 / 125
2022-05-23 11:01:02,181:INFO:Params 40 / 125
2022-05-23 11:01:02,288:INFO:Params 41 / 125
2022-05-23 11:01:02,385:INFO:Params 42 / 125
2022-05-23 11:01:02,521:INFO:Params 43 / 125
2022-05-23 11:01:02,775:INFO:Params 44 / 125
2022-05-23 11:01:03,490:INFO:Params 45 / 125
2022-05-23 11:01:03,596:INFO:Params 46 / 125
2022-05-23 11:01:03,697:INFO:Params 47 / 125
2022-05-23 11:01:03,863:INFO:Params 48 / 125
2022-05-23 11:01:04,204:INFO:Params 49 / 125
2022-05-23 11:01:05,514:INFO:Params 50 / 125
2022-05-23 11:01:05,625:INFO:Params 51 / 125
2022-05-23 11:01:05,743:INFO:Params 52 / 125
2022-05-23 11:01:05,858:INFO:Params 53 / 125
2022-05-23 11:01:06,067:INFO:Params 54 / 125
2022-05-23 11:01:56,724:INFO:Params 55 / 125
2022-05-23 11:01:56,848:INFO:Params 56 / 125
2022-05-23 11:01:56,960:INFO:Params 57 / 125
2022-05-23 11:01:57,077:INFO:Params 58 / 125
2022-05-23 11:01:57,334:INFO:Params 59 / 125
2022-05-23 11:02:46,941:INFO:Params 60 / 125
2022-05-23 11:02:47,075:INFO:Params 61 / 125
2022-05-23 11:02:47,198:INFO:Params 62 / 125
2022-05-23 11:02:47,357:INFO:Params 63 / 125
2022-05-23 11:02:47,653:INFO:Params 64 / 125
2022-05-23 11:03:36,903:INFO:Params 65 / 125
2022-05-23 11:03:37,074:INFO:Params 66 / 125
2022-05-23 11:03:37,230:INFO:Params 67 / 125
2022-05-23 11:03:37,395:INFO:Params 68 / 125
2022-05-23 11:03:37,761:INFO:Params 69 / 125
2022-05-23 11:04:48,940:INFO:Params 70 / 125
2022-05-23 11:04:49,102:INFO:Params 71 / 125
2022-05-23 11:04:49,286:INFO:Params 72 / 125
2022-05-23 11:04:49,462:INFO:Params 73 / 125
2022-05-23 11:04:49,891:INFO:Params 74 / 125
2022-05-23 11:05:59,176:INFO:Params 75 / 125
2022-05-23 11:05:59,359:INFO:Params 76 / 125
2022-05-23 11:05:59,548:INFO:Params 77 / 125
2022-05-23 11:05:59,739:INFO:Params 78 / 125
2022-05-23 11:05:59,938:INFO:Params 79 / 125
2022-05-23 11:06:15,194:INFO:Params 80 / 125
2022-05-23 11:06:15,380:INFO:Params 81 / 125
2022-05-23 11:06:15,580:INFO:Params 82 / 125
2022-05-23 11:06:15,781:INFO:Params 83 / 125
2022-05-23 11:06:15,997:INFO:Params 84 / 125
2022-05-23 11:06:32,224:INFO:Params 85 / 125
2022-05-23 11:06:32,411:INFO:Params 86 / 125
2022-05-23 11:06:32,642:INFO:Params 87 / 125
2022-05-23 11:06:32,847:INFO:Params 88 / 125
2022-05-23 11:06:33,087:INFO:Params 89 / 125
2022-05-23 11:06:55,331:INFO:Params 90 / 125
2022-05-23 11:06:55,540:INFO:Params 91 / 125
2022-05-23 11:06:55,776:INFO:Params 92 / 125
2022-05-23 11:06:56,003:INFO:Params 93 / 125
2022-05-23 11:06:56,263:INFO:Params 94 / 125
2022-05-23 11:07:22,029:INFO:Params 95 / 125
2022-05-23 11:07:22,269:INFO:Params 96 / 125
2022-05-23 11:07:22,513:INFO:Params 97 / 125
2022-05-23 11:07:22,761:INFO:Params 98 / 125
2022-05-23 11:07:23,127:INFO:Params 99 / 125
2022-05-23 11:08:05,454:INFO:Params 100 / 125
2022-05-23 11:08:05,689:INFO:Params 101 / 125
2022-05-23 11:08:05,925:INFO:Params 102 / 125
2022-05-23 11:08:06,163:INFO:Params 103 / 125
2022-05-23 11:08:06,784:INFO:Params 104 / 125
2022-05-23 11:11:41,075:INFO:Params 105 / 125
2022-05-23 11:11:41,414:INFO:Params 106 / 125
2022-05-23 11:11:43,056:INFO:Params 107 / 125
2022-05-23 11:11:44,758:INFO:Params 108 / 125
2022-05-23 11:11:45,415:INFO:Params 109 / 125
2022-05-23 11:17:06,158:INFO:Params 110 / 125
2022-05-23 11:17:08,446:INFO:Params 111 / 125
2022-05-23 11:17:08,696:INFO:Params 112 / 125
2022-05-23 11:17:08,944:INFO:Params 113 / 125
2022-05-23 11:17:09,478:INFO:Params 114 / 125
2022-05-23 11:22:32,726:INFO:Params 115 / 125
2022-05-23 11:22:35,040:INFO:Params 116 / 125
2022-05-23 11:22:35,313:INFO:Params 117 / 125
2022-05-23 11:22:35,581:INFO:Params 118 / 125
2022-05-23 11:22:36,236:INFO:Params 119 / 125
2022-05-23 11:28:54,333:INFO:Params 120 / 125
2022-05-23 11:28:56,658:INFO:Params 121 / 125
2022-05-23 11:28:56,968:INFO:Params 122 / 125
2022-05-23 11:28:57,276:INFO:Params 123 / 125
2022-05-23 11:28:57,903:INFO:Params 124 / 125
2022-05-23 11:35:54,078:INFO:Complete
2022-07-28 15:19:55,869:INFO:NEW RUN: simulation data generation
2022-07-28 15:19:55,871:INFO:Args: Namespace(experiment='DEBUG')
2022-07-28 15:19:55,871:INFO:Experimental settings:
2022-07-28 15:19:55,871:INFO:[{'experiment': 'debug', 'n_variables': [3], 'n_total_environments': [3], 'sparsity': [1], 'intervention_targets': [None], 'sample_size': [100], 'dag_density': [0.3], 'reps': [3], 'data_simulator': ['cdnod'], 'dag_simulator': ['er']}]
2022-07-28 15:19:55,871:INFO:1 total parameter dictionaries
2022-07-28 15:19:55,871:INFO:debug: 1 total parameter combinations
2022-07-28 15:19:55,871:INFO:Writing to ../../data/DEBUG/debug
2022-07-28 15:19:55,871:INFO:Params 0 / 1
2022-07-28 15:20:34,462:INFO:NEW RUN: simulation data generation
2022-07-28 15:20:34,463:INFO:Args: Namespace(experiment='DEBUG')
2022-07-28 15:20:34,463:INFO:Experimental settings:
2022-07-28 15:20:34,463:INFO:[{'experiment': 'debug', 'n_variables': [3], 'n_total_environments': [3], 'sparsity': [1], 'intervention_targets': [None], 'sample_size': [100], 'dag_density': [0.3], 'reps': [3], 'data_simulator': ['cdnod'], 'dag_simulator': ['er']}]
2022-07-28 15:20:34,463:INFO:1 total parameter dictionaries
2022-07-28 15:20:34,463:INFO:debug: 1 total parameter combinations
2022-07-28 15:20:34,463:INFO:Writing to ../../data/DEBUG/debug
2022-07-28 15:20:34,463:INFO:Params 0 / 1
2022-07-28 15:22:23,133:INFO:NEW RUN: simulation data generation
2022-07-28 15:22:23,134:INFO:Args: Namespace(experiment='DEBUG')
2022-07-28 15:22:23,134:INFO:Experimental settings:
2022-07-28 15:22:23,134:INFO:[{'experiment': 'debug', 'n_variables': [3], 'n_total_environments': [3], 'sparsity': [1], 'intervention_targets': [None], 'sample_size': [100], 'dag_density': [0.3], 'reps': [3], 'data_simulator': ['cdnod'], 'dag_simulator': ['er']}]
2022-07-28 15:22:23,134:INFO:1 total parameter dictionaries
2022-07-28 15:22:23,134:INFO:debug: 1 total parameter combinations
2022-07-28 15:22:23,134:INFO:Writing to ../../data/DEBUG/debug
2022-07-28 15:22:23,134:INFO:Params 0 / 1
2022-07-28 15:23:51,478:INFO:NEW RUN: simulation data generation
2022-07-28 15:23:51,479:INFO:Args: Namespace(experiment='DEBUG')
2022-07-28 15:23:51,479:INFO:Experimental settings:
2022-07-28 15:23:51,479:INFO:[{'experiment': 'debug', 'n_variables': [3], 'n_total_environments': [3], 'sparsity': [1], 'intervention_targets': [None], 'sample_size': [100], 'dag_density': [0.3], 'reps': [3], 'data_simulator': ['cdnod'], 'dag_simulator': ['er']}]
2022-07-28 15:23:51,479:INFO:1 total parameter dictionaries
2022-07-28 15:23:51,479:INFO:debug: 1 total parameter combinations
2022-07-28 15:23:51,479:INFO:Writing to ../../data/DEBUG/debug
2022-07-28 15:23:51,479:INFO:Params 0 / 1
2022-07-28 15:24:04,682:INFO:NEW RUN: simulation data generation
2022-07-28 15:24:04,682:INFO:Args: Namespace(experiment='DEBUG')
2022-07-28 15:24:04,682:INFO:Experimental settings:
2022-07-28 15:24:04,682:INFO:[{'experiment': 'debug', 'n_variables': [3], 'n_total_environments': [3], 'sparsity': [1], 'intervention_targets': [None], 'sample_size': [100], 'dag_density': [0.3], 'reps': [3], 'data_simulator': ['cdnod'], 'dag_simulator': ['er']}]
2022-07-28 15:24:04,682:INFO:1 total parameter dictionaries
2022-07-28 15:24:04,682:INFO:debug: 1 total parameter combinations
2022-07-28 15:24:04,682:INFO:Writing to ../../data/DEBUG/debug
2022-07-28 15:24:04,682:INFO:Params 0 / 1
2022-07-28 15:24:04,714:INFO:Complete
2022-07-28 15:24:51,137:INFO:NEW RUN: simulation data generation
2022-07-28 15:24:51,138:INFO:Args: Namespace(experiment='pairwise_power')
2022-07-28 15:24:51,138:INFO:Experimental settings:
2022-07-28 15:24:51,138:INFO:[{'experiment': 'sparsity', 'n_variables': [6], 'n_total_environments': [3], 'sparsity': [1, 2, 3, 4, 5], 'intervention_targets': [None], 'sample_size': [500], 'dag_density': [0.3], 'reps': [50], 'data_simulator': ['cdnod'], 'dag_simulator': ['er']}]
2022-07-28 15:24:51,138:INFO:1 total parameter dictionaries
2022-07-28 15:24:51,138:INFO:sparsity: 5 total parameter combinations
2022-07-28 15:24:51,138:INFO:Writing to ../../data/pairwise_power/sparsity
2022-07-28 15:24:51,138:INFO:Params 0 / 5
2022-07-28 15:24:52,733:INFO:Params 1 / 5
2022-07-28 15:24:54,204:INFO:Params 2 / 5
2022-07-28 15:24:55,560:INFO:Params 3 / 5
2022-07-28 15:24:56,960:INFO:Params 4 / 5
2022-07-28 15:24:58,333:INFO:Complete
2022-07-30 09:09:37,390:INFO:NEW RUN:
2022-07-30 09:09:37,391:INFO:Args: Namespace(experiment='bivariate_multiplic_power', jobs=10)
2022-07-30 09:09:37,391:INFO:Experimental settings:
2022-07-30 09:09:37,391:INFO:[{'n_variables': [2], 'n_total_environments': [2], 'sparsity': [None], 'intervention_targets': [[[], [0]], [[], [1]], [[], []], [[], [0, 1]]], 'sample_size': [500], 'dag_density': [None], 'reps': [50], 'data_simulator': ['cdnod'], 'dag_simulator': ['complete']}]
2022-07-30 09:09:37,391:INFO:1 total parameter dictionaries
2022-07-30 09:09:37,391:INFO:4 total parameter combinations
2022-07-30 09:09:37,391:INFO:Params 0 / 4
2022-07-30 09:10:17,541:INFO:NEW RUN:
2022-07-30 09:10:17,542:INFO:Args: Namespace(experiment='bivariate_multiplic_power', jobs=10)
2022-07-30 09:10:17,542:INFO:Experimental settings:
2022-07-30 09:10:17,542:INFO:[{'n_variables': [2], 'n_total_environments': [2], 'sparsity': [None], 'intervention_targets': [[[], [0]], [[], [1]], [[], []], [[], [0, 1]]], 'sample_size': [500], 'dag_density': [None], 'reps': [50], 'data_simulator': ['cdnod'], 'dag_simulator': ['complete']}]
2022-07-30 09:10:17,542:INFO:1 total parameter dictionaries
2022-07-30 09:10:17,542:INFO:4 total parameter combinations
2022-07-30 09:10:17,542:INFO:Params 0 / 4
2022-07-30 09:12:16,776:INFO:NEW RUN:
2022-07-30 09:12:16,777:INFO:Args: Namespace(experiment='bivariate_multiplic_power', jobs=10)
2022-07-30 09:12:16,777:INFO:Experimental settings:
2022-07-30 09:12:16,777:INFO:[{'n_variables': [2], 'n_total_environments': [2], 'sparsity': [None], 'intervention_targets': [[[], [0]], [[], [1]], [[], []], [[], [0, 1]]], 'sample_size': [500], 'dag_density': [None], 'reps': [50], 'data_simulator': ['cdnod'], 'dag_simulator': ['complete']}]
2022-07-30 09:12:16,777:INFO:1 total parameter dictionaries
2022-07-30 09:12:16,777:INFO:4 total parameter combinations
2022-07-30 09:12:16,777:INFO:Params 0 / 4
2022-07-30 09:14:27,621:INFO:NEW RUN:
2022-07-30 09:14:27,622:INFO:Args: Namespace(experiment='bivariate_multiplic_power', jobs=10)
2022-07-30 09:14:27,622:INFO:Experimental settings:
2022-07-30 09:14:27,622:INFO:[{'n_variables': [2], 'n_total_environments': [2], 'sparsity': [None], 'intervention_targets': [[[], [0]], [[], [1]], [[], []], [[], [0, 1]]], 'sample_size': [500], 'dag_density': [None], 'reps': [50], 'data_simulator': ['cdnod'], 'dag_simulator': ['complete']}]
2022-07-30 09:14:27,622:INFO:1 total parameter dictionaries
2022-07-30 09:14:27,622:INFO:4 total parameter combinations
2022-07-30 09:14:27,622:INFO:Params 0 / 4
2022-07-30 09:21:49,686:INFO:NEW RUN:
2022-07-30 09:21:49,687:INFO:Args: Namespace(experiment='bivariate_multiplic_power', jobs=10)
2022-07-30 09:21:49,687:INFO:Experimental settings:
2022-07-30 09:21:49,687:INFO:[{'n_variables': [2], 'n_total_environments': [2], 'sparsity': [None], 'intervention_targets': [[[], [0]], [[], [1]], [[], []], [[], [0, 1]]], 'sample_size': [500], 'dag_density': [None], 'reps': [50], 'data_simulator': ['cdnod'], 'dag_simulator': ['complete']}]
2022-07-30 09:21:49,687:INFO:1 total parameter dictionaries
2022-07-30 09:21:49,688:INFO:4 total parameter combinations
2022-07-30 09:21:49,688:INFO:Params 0 / 4
2022-07-30 09:22:18,230:INFO:NEW RUN:
2022-07-30 09:22:18,230:INFO:Args: Namespace(experiment='bivariate_multiplic_power', jobs=None)
2022-07-30 09:22:18,230:INFO:Experimental settings:
2022-07-30 09:22:18,230:INFO:[{'n_variables': [2], 'n_total_environments': [2], 'sparsity': [None], 'intervention_targets': [[[], [0]], [[], [1]], [[], []], [[], [0, 1]]], 'sample_size': [500], 'dag_density': [None], 'reps': [50], 'data_simulator': ['cdnod'], 'dag_simulator': ['complete']}]
2022-07-30 09:22:18,230:INFO:1 total parameter dictionaries
2022-07-30 09:22:18,230:INFO:4 total parameter combinations
2022-07-30 09:22:18,230:INFO:Params 0 / 4
2022-07-30 09:31:07,780:INFO:NEW RUN:
2022-07-30 09:31:07,780:INFO:Args: Namespace(experiment='bivariate_multiplic_power', jobs=None)
2022-07-30 09:31:07,780:INFO:Experimental settings:
2022-07-30 09:31:07,780:INFO:[{'n_variables': [2], 'n_total_environments': [2], 'sparsity': [None], 'intervention_targets': [[[], [0]], [[], [1]], [[], []], [[], [0, 1]]], 'sample_size': [500], 'dag_density': [None], 'reps': [50], 'data_simulator': ['cdnod'], 'dag_simulator': ['complete']}]
2022-07-30 09:31:07,780:INFO:1 total parameter dictionaries
2022-07-30 09:31:07,780:INFO:4 total parameter combinations
2022-07-30 09:31:07,780:INFO:Params 0 / 4
2022-07-30 09:31:39,183:INFO:NEW RUN:
2022-07-30 09:31:39,184:INFO:Args: Namespace(experiment='bivariate_multiplic_power', jobs=None)
2022-07-30 09:31:39,184:INFO:Experimental settings:
2022-07-30 09:31:39,184:INFO:[{'n_variables': [2], 'n_total_environments': [2], 'sparsity': [None], 'intervention_targets': [[[], [0]], [[], [1]], [[], []], [[], [0, 1]]], 'sample_size': [500], 'dag_density': [None], 'reps': [50], 'data_simulator': ['cdnod'], 'dag_simulator': ['complete']}]
2022-07-30 09:31:39,184:INFO:1 total parameter dictionaries
2022-07-30 09:31:39,184:INFO:4 total parameter combinations
2022-07-30 09:31:39,184:INFO:Params 0 / 4
2022-07-30 09:41:59,602:INFO:NEW RUN:
2022-07-30 09:41:59,603:INFO:Args: Namespace(experiment='bivariate_multiplic_power', jobs=None)
2022-07-30 09:41:59,603:INFO:Experimental settings:
2022-07-30 09:41:59,603:INFO:[{'n_variables': [2], 'n_total_environments': [2], 'sparsity': [None], 'intervention_targets': [[[], [0]], [[], [1]], [[], []], [[], [0, 1]]], 'sample_size': [500], 'dag_density': [None], 'reps': [50], 'data_simulator': ['cdnod'], 'dag_simulator': ['complete']}]
2022-07-30 09:41:59,603:INFO:1 total parameter dictionaries
2022-07-30 09:41:59,603:INFO:4 total parameter combinations
2022-07-30 09:41:59,603:INFO:Params 0 / 4
2022-07-30 09:45:03,486:INFO:NEW RUN:
2022-07-30 09:45:03,487:INFO:Args: Namespace(experiment='bivariate_multiplic_power', jobs=None)
2022-07-30 09:45:03,487:INFO:Experimental settings:
2022-07-30 09:45:03,487:INFO:[{'n_variables': [2], 'n_total_environments': [2], 'sparsity': [None], 'intervention_targets': [[[], [0]], [[], [1]], [[], []], [[], [0, 1]]], 'sample_size': [500], 'dag_density': [None], 'reps': [50], 'data_simulator': ['cdnod'], 'dag_simulator': ['complete']}]
2022-07-30 09:45:03,487:INFO:1 total parameter dictionaries
2022-07-30 09:45:03,487:INFO:4 total parameter combinations
2022-07-30 09:45:03,487:INFO:Params 0 / 4
2022-07-30 09:45:22,146:INFO:NEW RUN:
2022-07-30 09:45:22,146:INFO:Args: Namespace(experiment='bivariate_multiplic_power', jobs=None)
2022-07-30 09:45:22,146:INFO:Experimental settings:
2022-07-30 09:45:22,146:INFO:[{'n_variables': [2], 'n_total_environments': [2], 'sparsity': [None], 'intervention_targets': [[[], [0]], [[], [1]], [[], []], [[], [0, 1]]], 'sample_size': [500], 'dag_density': [None], 'reps': [50], 'data_simulator': ['cdnod'], 'dag_simulator': ['complete']}]
2022-07-30 09:45:22,147:INFO:1 total parameter dictionaries
2022-07-30 09:45:22,147:INFO:4 total parameter combinations
2022-07-30 09:45:22,147:INFO:Params 0 / 4
2022-07-30 09:45:54,191:INFO:NEW RUN:
2022-07-30 09:45:54,191:INFO:Args: Namespace(experiment='bivariate_multiplic_power', jobs=None)
2022-07-30 09:45:54,191:INFO:Experimental settings:
2022-07-30 09:45:54,191:INFO:[{'n_variables': [2], 'n_total_environments': [2], 'sparsity': [None], 'intervention_targets': [[[], [0]], [[], [1]], [[], []], [[], [0, 1]]], 'sample_size': [500], 'dag_density': [None], 'reps': [50], 'data_simulator': ['cdnod'], 'dag_simulator': ['complete']}]
2022-07-30 09:45:54,191:INFO:1 total parameter dictionaries
2022-07-30 09:45:54,191:INFO:4 total parameter combinations
2022-07-30 09:45:54,191:INFO:Params 0 / 4
2022-07-30 09:46:10,437:INFO:NEW RUN:
2022-07-30 09:46:10,437:INFO:Args: Namespace(experiment='bivariate_multiplic_power', jobs=10)
2022-07-30 09:46:10,437:INFO:Experimental settings:
2022-07-30 09:46:10,437:INFO:[{'n_variables': [2], 'n_total_environments': [2], 'sparsity': [None], 'intervention_targets': [[[], [0]], [[], [1]], [[], []], [[], [0, 1]]], 'sample_size': [500], 'dag_density': [None], 'reps': [50], 'data_simulator': ['cdnod'], 'dag_simulator': ['complete']}]
2022-07-30 09:46:10,438:INFO:1 total parameter dictionaries
2022-07-30 09:46:10,438:INFO:4 total parameter combinations
2022-07-30 09:46:10,438:INFO:Params 0 / 4
2022-07-30 09:50:29,149:INFO:Params 1 / 4
2022-07-30 09:54:46,516:INFO:Params 2 / 4
2022-07-30 09:59:12,609:INFO:Params 3 / 4
2022-07-30 10:03:13,269:INFO:Complete
